<?xml version="1.0" encoding="UTF-8"?>
<!-- Generated by org.testng.reporters.JUnitXMLReporter -->
<testsuite ignored="0" hostname="Guri_Badwal" failures="5" tests="19" name="Test" time="245.579" errors="0" timestamp="2023-07-09T00:24:14 EDT">
  <testcase classname="com.naveenautomationlabs.automationFramework.tests.YourStoreTest" name="failedTestCaseExample" time="0.013">
    <skipped/>
  </testcase> <!-- failedTestCaseExample -->
  <testcase classname="com.naveenautomationlabs.automationFramework.tests.YourStoreTest" name="failedTestCaseExample" time="0.004">
    <failure type="java.lang.AssertionError" message="expected [Kaur] but found [Manpreet]">
      <![CDATA[java.lang.AssertionError: expected [Kaur] but found [Manpreet]
at com.naveenautomationlabs.automationFramework.tests.YourStoreTest.failedTestCaseExample(YourStoreTest.java:33)
at java.base/java.util.ArrayList.forEach(ArrayList.java:1511)
... Removed 33 stack frames]]>
    </failure>
  </testcase> <!-- failedTestCaseExample -->
  <testcase classname="com.naveenautomationlabs.automationFramework.tests.YourStoreTest" name="validateIsDisplayImageMoving" time="10.372"/>
  <testcase classname="com.naveenautomationlabs.automationFramework.tests.YourStoreTest" name="validateIsImageSelectedFromVisibleText" time="0.003">
    <skipped/>
  </testcase> <!-- validateIsImageSelectedFromVisibleText -->
  <testcase classname="com.naveenautomationlabs.automationFramework.tests.YourStoreTest" name="validateIsImageSelectedFromVisibleText" time="0.003">
    <failure type="java.lang.IllegalArgumentException" message="Entered text is null.">
      <![CDATA[java.lang.IllegalArgumentException: Entered text is null.
at com.naveenautomationlabs.automationFramework.pages.YourStore.selectItemFromText(YourStore.java:111)
at com.naveenautomationlabs.automationFramework.tests.YourStoreTest.validateIsImageSelectedFromVisibleText(YourStoreTest.java:56)
at java.base/java.util.ArrayList.forEach(ArrayList.java:1511)
... Removed 27 stack frames]]>
    </failure>
  </testcase> <!-- validateIsImageSelectedFromVisibleText -->
  <testcase classname="com.naveenautomationlabs.automationFramework.tests.YourStoreTest" name="validateItemsAddedToTheWishlist" time="0.95"/>
  <testcase classname="com.naveenautomationlabs.automationFramework.tests.YourStoreTest" name="validateLogoIsDisplayed" time="0.072"/>
  <testcase classname="com.naveenautomationlabs.automationFramework.tests.MyAccountTest" name="loginTest" time="2.241"/>
  <testcase classname="com.naveenautomationlabs.automationFramework.tests.MyAccountTest" name="loginTest" time="3.5"/>
  <testcase classname="com.naveenautomationlabs.automationFramework.tests.MyAccountTest" name="loginTest" time="2.698"/>
  <testcase classname="com.naveenautomationlabs.automationFramework.tests.MyAccountTest" name="loginTest" time="2.831"/>
  <testcase classname="com.naveenautomationlabs.automationFramework.tests.MyAccountTest" name="validateLoginUsingValidCredential" time="2.038">
    <skipped/>
  </testcase> <!-- validateLoginUsingValidCredential -->
  <testcase classname="com.naveenautomationlabs.automationFramework.tests.MyAccountTest" name="validateLoginUsingValidCredential" time="2.027">
    <failure type="java.lang.AssertionError" message="You are on wrong page expected [My Account] but found [New Customer]">
      <![CDATA[java.lang.AssertionError: You are on wrong page expected [My Account] but found [New Customer]
at com.naveenautomationlabs.automationFramework.tests.MyAccountTest.validateLoginUsingValidCredential(MyAccountTest.java:33)
at java.base/java.util.ArrayList.forEach(ArrayList.java:1511)
... Removed 32 stack frames]]>
    </failure>
  </testcase> <!-- validateLoginUsingValidCredential -->
  <testcase classname="com.naveenautomationlabs.automationFramework.tests.MyAccountTest" name="validateSideNavigationBar" time="2.171">
    <skipped/>
  </testcase> <!-- validateSideNavigationBar -->
  <testcase classname="com.naveenautomationlabs.automationFramework.tests.MyAccountTest" name="validateSideNavigationBar" time="2.02">
    <failure type="java.lang.AssertionError" message="navigation option  is not clicked expected [true] but found [false]">
      <![CDATA[java.lang.AssertionError: navigation option  is not clicked expected [true] but found [false]
at com.naveenautomationlabs.automationFramework.tests.MyAccountTest.validateSideNavigationBar(MyAccountTest.java:42)
at java.base/java.util.ArrayList.forEach(ArrayList.java:1511)
... Removed 30 stack frames]]>
    </failure>
  </testcase> <!-- validateSideNavigationBar -->
  <testcase classname="com.naveenautomationlabs.automationFramework.tests.RegisterAccountTest" name="validateUserRegisterWithAlreadyRegisteredEmail" time="5.608"/>
  <testcase classname="com.naveenautomationlabs.automationFramework.tests.AccountHasBeenCreatedTest" name="validateUserRegisterWithValidDetails" time="4.675">
    <skipped/>
  </testcase> <!-- validateUserRegisterWithValidDetails -->
  <testcase classname="com.naveenautomationlabs.automationFramework.tests.AccountHasBeenCreatedTest" name="validateUserRegisterWithValidDetails" time="3.913">
    <failure type="java.lang.AssertionError" message="Unable to create account expected [Your Account Has Been Created!] but found [Register Account]">
      <![CDATA[java.lang.AssertionError: Unable to create account expected [Your Account Has Been Created!] but found [Register Account]
at com.naveenautomationlabs.automationFramework.tests.AccountHasBeenCreatedTest.validateUserRegisterWithValidDetails(AccountHasBeenCreatedTest.java:32)
at java.base/java.util.ArrayList.forEach(ArrayList.java:1511)
... Removed 32 stack frames]]>
    </failure>
  </testcase> <!-- validateUserRegisterWithValidDetails -->
  <testcase classname="com.naveenautomationlabs.automationFramework.tests.SearchIphoneTest" name="validateSearchBar" time="1.23"/>
</testsuite> <!-- Test -->
