<?xml version="1.0" encoding="UTF-8"?>
<!-- Generated by org.testng.reporters.JUnitXMLReporter -->
<testsuite ignored="0" hostname="Guri_Badwal" failures="5" tests="19" name="Test" time="188.244" errors="0" timestamp="2023-07-05T07:17:10 EDT">
  <testcase classname="com.naveenautomationlabs.automationFramework.tests.YourStoreTest" name="failedTestCaseExample" time="0.016">
    <skipped/>
  </testcase> <!-- failedTestCaseExample -->
  <testcase classname="com.naveenautomationlabs.automationFramework.tests.YourStoreTest" name="failedTestCaseExample" time="0.002">
    <failure type="java.lang.AssertionError" message="expected [Kaur] but found [Manpreet]">
      <![CDATA[java.lang.AssertionError: expected [Kaur] but found [Manpreet]
at com.naveenautomationlabs.automationFramework.tests.YourStoreTest.failedTestCaseExample(YourStoreTest.java:33)
at java.base/java.util.ArrayList.forEach(ArrayList.java:1511)
... Removed 33 stack frames]]>
    </failure>
  </testcase> <!-- failedTestCaseExample -->
  <testcase classname="com.naveenautomationlabs.automationFramework.tests.YourStoreTest" name="validateIsDisplayImageMoving" time="10.25"/>
  <testcase classname="com.naveenautomationlabs.automationFramework.tests.YourStoreTest" name="validateIsImageSelectedFromVisibleText" time="0.003">
    <skipped/>
  </testcase> <!-- validateIsImageSelectedFromVisibleText -->
  <testcase classname="com.naveenautomationlabs.automationFramework.tests.YourStoreTest" name="validateIsImageSelectedFromVisibleText" time="0.006">
    <failure type="java.lang.IllegalArgumentException" message="Entered text is null.">
      <![CDATA[java.lang.IllegalArgumentException: Entered text is null.
at com.naveenautomationlabs.automationFramework.pages.YourStore.selectItemFromText(YourStore.java:111)
at com.naveenautomationlabs.automationFramework.tests.YourStoreTest.validateIsImageSelectedFromVisibleText(YourStoreTest.java:56)
at java.base/java.util.ArrayList.forEach(ArrayList.java:1511)
... Removed 27 stack frames]]>
    </failure>
  </testcase> <!-- validateIsImageSelectedFromVisibleText -->
  <testcase classname="com.naveenautomationlabs.automationFramework.tests.YourStoreTest" name="validateItemsAddedToTheWishlist" time="0.916"/>
  <testcase classname="com.naveenautomationlabs.automationFramework.tests.YourStoreTest" name="validateLogoIsDisplayed" time="0.071"/>
  <testcase classname="com.naveenautomationlabs.automationFramework.tests.MyAccountTest" name="loginTest" time="2.357"/>
  <testcase classname="com.naveenautomationlabs.automationFramework.tests.MyAccountTest" name="loginTest" time="2.693"/>
  <testcase classname="com.naveenautomationlabs.automationFramework.tests.MyAccountTest" name="loginTest" time="2.384"/>
  <testcase classname="com.naveenautomationlabs.automationFramework.tests.MyAccountTest" name="loginTest" time="2.677"/>
  <testcase classname="com.naveenautomationlabs.automationFramework.tests.MyAccountTest" name="validateLoginUsingValidCredential" time="2.433">
    <skipped/>
  </testcase> <!-- validateLoginUsingValidCredential -->
  <testcase classname="com.naveenautomationlabs.automationFramework.tests.MyAccountTest" name="validateLoginUsingValidCredential" time="1.691">
    <failure type="java.lang.AssertionError" message="You are on wrong page expected [My Account] but found [New Customer]">
      <![CDATA[java.lang.AssertionError: You are on wrong page expected [My Account] but found [New Customer]
at com.naveenautomationlabs.automationFramework.tests.MyAccountTest.validateLoginUsingValidCredential(MyAccountTest.java:33)
at java.base/java.util.ArrayList.forEach(ArrayList.java:1511)
... Removed 32 stack frames]]>
    </failure>
  </testcase> <!-- validateLoginUsingValidCredential -->
  <testcase classname="com.naveenautomationlabs.automationFramework.tests.MyAccountTest" name="validateSideNavigationBar" time="1.954">
    <skipped/>
  </testcase> <!-- validateSideNavigationBar -->
  <testcase classname="com.naveenautomationlabs.automationFramework.tests.MyAccountTest" name="validateSideNavigationBar" time="1.937">
    <failure type="java.lang.AssertionError" message="navigation option  is not clicked expected [true] but found [false]">
      <![CDATA[java.lang.AssertionError: navigation option  is not clicked expected [true] but found [false]
at com.naveenautomationlabs.automationFramework.tests.MyAccountTest.validateSideNavigationBar(MyAccountTest.java:42)
at java.base/java.util.ArrayList.forEach(ArrayList.java:1511)
... Removed 30 stack frames]]>
    </failure>
  </testcase> <!-- validateSideNavigationBar -->
  <testcase classname="com.naveenautomationlabs.automationFramework.tests.RegisterAccountTest" name="validateUserRegisterWithAlreadyRegisteredEmail" time="5.415"/>
  <testcase classname="com.naveenautomationlabs.automationFramework.tests.AccountHasBeenCreatedTest" name="validateUserRegisterWithValidDetails" time="10.654">
    <skipped/>
  </testcase> <!-- validateUserRegisterWithValidDetails -->
  <testcase classname="com.naveenautomationlabs.automationFramework.tests.AccountHasBeenCreatedTest" name="validateUserRegisterWithValidDetails" time="3.529">
    <failure type="java.lang.AssertionError" message="Unable to create account expected [Your Account Has Been Created!] but found [Register Account]">
      <![CDATA[java.lang.AssertionError: Unable to create account expected [Your Account Has Been Created!] but found [Register Account]
at com.naveenautomationlabs.automationFramework.tests.AccountHasBeenCreatedTest.validateUserRegisterWithValidDetails(AccountHasBeenCreatedTest.java:32)
at java.base/java.util.ArrayList.forEach(ArrayList.java:1511)
... Removed 32 stack frames]]>
    </failure>
  </testcase> <!-- validateUserRegisterWithValidDetails -->
  <testcase classname="com.naveenautomationlabs.automationFramework.tests.SearchIphoneTest" name="validateSearchBar" time="1.301"/>
</testsuite> <!-- Test -->
