<?xml version="1.0" encoding="UTF-8"?>
<testng-results ignored="0" total="15" passed="9" failed="6" skipped="0">
  <reporter-output>
  </reporter-output>
  <suite started-at="2023-07-09T01:27:01Z" name="Surefire suite" finished-at="2023-07-09T01:30:07Z" duration-ms="186049">
    <groups>
    </groups>
    <test started-at="2023-07-09T01:27:01Z" name="Surefire test" finished-at="2023-07-09T01:30:07Z" duration-ms="186049">
      <class name="com.naveenautomationlabs.automationFramework.tests.RegisterAccountTest">
        <test-method is-config="true" signature="setUpLogger()[pri:0, instance:com.naveenautomationlabs.automationFramework.tests.RegisterAccountTest@31304f14]" started-at="2023-07-09T01:28:40Z" name="setUpLogger" finished-at="2023-07-09T01:28:40Z" duration-ms="5" status="PASS">
          <reporter-output>
          </reporter-output>
        </test-method> <!-- setUpLogger -->
        <test-method is-config="true" signature="setUp()[pri:0, instance:com.naveenautomationlabs.automationFramework.tests.RegisterAccountTest@31304f14]" started-at="2023-07-09T01:28:40Z" name="setUp" finished-at="2023-07-09T01:28:47Z" duration-ms="7482" status="PASS">
          <reporter-output>
          </reporter-output>
        </test-method> <!-- setUp -->
        <test-method signature="validateUserRegisterWithAlreadyRegisteredEmail()[pri:0, instance:com.naveenautomationlabs.automationFramework.tests.RegisterAccountTest@31304f14]" started-at="2023-07-09T01:28:47Z" name="validateUserRegisterWithAlreadyRegisteredEmail" finished-at="2023-07-09T01:28:52Z" duration-ms="4579" status="PASS">
          <reporter-output>
          </reporter-output>
        </test-method> <!-- validateUserRegisterWithAlreadyRegisteredEmail -->
        <test-method is-config="true" signature="quit()[pri:0, instance:com.naveenautomationlabs.automationFramework.tests.RegisterAccountTest@31304f14]" started-at="2023-07-09T01:28:52Z" name="quit" finished-at="2023-07-09T01:28:52Z" duration-ms="205" status="PASS">
          <reporter-output>
          </reporter-output>
        </test-method> <!-- quit -->
      </class> <!-- com.naveenautomationlabs.automationFramework.tests.RegisterAccountTest -->
      <class name="com.naveenautomationlabs.automationFramework.tests.YourStoreTest">
        <test-method is-config="true" signature="setUpLogger()[pri:0, instance:com.naveenautomationlabs.automationFramework.tests.YourStoreTest@2a4fb17b]" started-at="2023-07-09T01:28:52Z" name="setUpLogger" finished-at="2023-07-09T01:28:52Z" duration-ms="6" status="PASS">
          <reporter-output>
          </reporter-output>
        </test-method> <!-- setUpLogger -->
        <test-method is-config="true" signature="setUp()[pri:0, instance:com.naveenautomationlabs.automationFramework.tests.YourStoreTest@2a4fb17b]" started-at="2023-07-09T01:28:52Z" name="setUp" finished-at="2023-07-09T01:29:00Z" duration-ms="7568" status="PASS">
          <reporter-output>
          </reporter-output>
        </test-method> <!-- setUp -->
        <test-method signature="failedTestCaseExample()[pri:0, instance:com.naveenautomationlabs.automationFramework.tests.YourStoreTest@2a4fb17b]" started-at="2023-07-09T01:29:00Z" name="failedTestCaseExample" finished-at="2023-07-09T01:29:00Z" duration-ms="1" status="FAIL">
          <exception class="java.lang.AssertionError">
            <message>
              <![CDATA[expected [Kaur] but found [Manpreet]]]>
            </message>
            <full-stacktrace>
              <![CDATA[java.lang.AssertionError: expected [Kaur] but found [Manpreet]
at org.testng.Assert.fail(Assert.java:96)
at org.testng.Assert.failNotEquals(Assert.java:776)
at org.testng.Assert.assertEqualsImpl(Assert.java:137)
at org.testng.Assert.assertEquals(Assert.java:118)
at org.testng.Assert.assertEquals(Assert.java:453)
at org.testng.Assert.assertEquals(Assert.java:463)
at com.naveenautomationlabs.automationFramework.tests.YourStoreTest.failedTestCaseExample(YourStoreTest.java:33)
at java.base/jdk.internal.reflect.NativeMethodAccessorImpl.invoke0(Native Method)
at java.base/jdk.internal.reflect.NativeMethodAccessorImpl.invoke(NativeMethodAccessorImpl.java:62)
at java.base/jdk.internal.reflect.DelegatingMethodAccessorImpl.invoke(DelegatingMethodAccessorImpl.java:43)
at java.base/java.lang.reflect.Method.invoke(Method.java:566)
at org.testng.internal.MethodInvocationHelper.invokeMethod(MethodInvocationHelper.java:124)
at org.testng.internal.Invoker.invokeMethod(Invoker.java:583)
at org.testng.internal.Invoker.invokeTestMethod(Invoker.java:719)
at org.testng.internal.Invoker.invokeTestMethods(Invoker.java:989)
at org.testng.internal.TestMethodWorker.invokeTestMethods(TestMethodWorker.java:125)
at org.testng.internal.TestMethodWorker.run(TestMethodWorker.java:109)
at org.testng.TestRunner.privateRun(TestRunner.java:648)
at org.testng.TestRunner.run(TestRunner.java:505)
at org.testng.SuiteRunner.runTest(SuiteRunner.java:455)
at org.testng.SuiteRunner.runSequentially(SuiteRunner.java:450)
at org.testng.SuiteRunner.privateRun(SuiteRunner.java:415)
at org.testng.SuiteRunner.run(SuiteRunner.java:364)
at org.testng.SuiteRunnerWorker.runSuite(SuiteRunnerWorker.java:52)
at org.testng.SuiteRunnerWorker.run(SuiteRunnerWorker.java:84)
at org.testng.TestNG.runSuitesSequentially(TestNG.java:1208)
at org.testng.TestNG.runSuitesLocally(TestNG.java:1137)
at org.testng.TestNG.runSuites(TestNG.java:1049)
at org.testng.TestNG.run(TestNG.java:1017)
at org.apache.maven.surefire.testng.TestNGExecutor.run(TestNGExecutor.java:135)
at org.apache.maven.surefire.testng.TestNGDirectoryTestSuite.executeMulti(TestNGDirectoryTestSuite.java:193)
at org.apache.maven.surefire.testng.TestNGDirectoryTestSuite.execute(TestNGDirectoryTestSuite.java:94)
at org.apache.maven.surefire.testng.TestNGProvider.invoke(TestNGProvider.java:146)
at org.apache.maven.surefire.booter.ForkedBooter.invokeProviderInSameClassLoader(ForkedBooter.java:384)
at org.apache.maven.surefire.booter.ForkedBooter.runSuitesInProcess(ForkedBooter.java:345)
at org.apache.maven.surefire.booter.ForkedBooter.execute(ForkedBooter.java:126)
at org.apache.maven.surefire.booter.ForkedBooter.main(ForkedBooter.java:418)
]]>
            </full-stacktrace>
          </exception> <!-- java.lang.AssertionError -->
          <reporter-output>
          </reporter-output>
        </test-method> <!-- failedTestCaseExample -->
        <test-method is-config="true" signature="quit()[pri:0, instance:com.naveenautomationlabs.automationFramework.tests.YourStoreTest@2a4fb17b]" started-at="2023-07-09T01:29:00Z" name="quit" finished-at="2023-07-09T01:29:00Z" duration-ms="302" status="PASS">
          <reporter-output>
          </reporter-output>
        </test-method> <!-- quit -->
        <test-method is-config="true" signature="setUp()[pri:0, instance:com.naveenautomationlabs.automationFramework.tests.YourStoreTest@2a4fb17b]" started-at="2023-07-09T01:29:00Z" name="setUp" finished-at="2023-07-09T01:29:08Z" duration-ms="7695" status="PASS">
          <reporter-output>
          </reporter-output>
        </test-method> <!-- setUp -->
        <test-method signature="validateIsDisplayImageMoving()[pri:0, instance:com.naveenautomationlabs.automationFramework.tests.YourStoreTest@2a4fb17b]" started-at="2023-07-09T01:29:08Z" name="validateIsDisplayImageMoving" finished-at="2023-07-09T01:29:18Z" duration-ms="10393" status="PASS">
          <reporter-output>
          </reporter-output>
        </test-method> <!-- validateIsDisplayImageMoving -->
        <test-method is-config="true" signature="quit()[pri:0, instance:com.naveenautomationlabs.automationFramework.tests.YourStoreTest@2a4fb17b]" started-at="2023-07-09T01:29:18Z" name="quit" finished-at="2023-07-09T01:29:18Z" duration-ms="165" status="PASS">
          <reporter-output>
          </reporter-output>
        </test-method> <!-- quit -->
        <test-method is-config="true" signature="setUp()[pri:0, instance:com.naveenautomationlabs.automationFramework.tests.YourStoreTest@2a4fb17b]" started-at="2023-07-09T01:29:18Z" name="setUp" finished-at="2023-07-09T01:29:26Z" duration-ms="7276" status="PASS">
          <reporter-output>
          </reporter-output>
        </test-method> <!-- setUp -->
        <test-method signature="validateIsImageSelectedFromVisibleText()[pri:0, instance:com.naveenautomationlabs.automationFramework.tests.YourStoreTest@2a4fb17b]" started-at="2023-07-09T01:29:26Z" name="validateIsImageSelectedFromVisibleText" finished-at="2023-07-09T01:29:26Z" duration-ms="0" status="FAIL">
          <exception class="java.lang.IllegalArgumentException">
            <message>
              <![CDATA[Entered text is null.]]>
            </message>
            <full-stacktrace>
              <![CDATA[java.lang.IllegalArgumentException: Entered text is null.
at com.naveenautomationlabs.automationFramework.pages.YourStore.selectItemFromText(YourStore.java:111)
at com.naveenautomationlabs.automationFramework.tests.YourStoreTest.validateIsImageSelectedFromVisibleText(YourStoreTest.java:56)
at java.base/jdk.internal.reflect.NativeMethodAccessorImpl.invoke0(Native Method)
at java.base/jdk.internal.reflect.NativeMethodAccessorImpl.invoke(NativeMethodAccessorImpl.java:62)
at java.base/jdk.internal.reflect.DelegatingMethodAccessorImpl.invoke(DelegatingMethodAccessorImpl.java:43)
at java.base/java.lang.reflect.Method.invoke(Method.java:566)
at org.testng.internal.MethodInvocationHelper.invokeMethod(MethodInvocationHelper.java:124)
at org.testng.internal.Invoker.invokeMethod(Invoker.java:583)
at org.testng.internal.Invoker.invokeTestMethod(Invoker.java:719)
at org.testng.internal.Invoker.invokeTestMethods(Invoker.java:989)
at org.testng.internal.TestMethodWorker.invokeTestMethods(TestMethodWorker.java:125)
at org.testng.internal.TestMethodWorker.run(TestMethodWorker.java:109)
at org.testng.TestRunner.privateRun(TestRunner.java:648)
at org.testng.TestRunner.run(TestRunner.java:505)
at org.testng.SuiteRunner.runTest(SuiteRunner.java:455)
at org.testng.SuiteRunner.runSequentially(SuiteRunner.java:450)
at org.testng.SuiteRunner.privateRun(SuiteRunner.java:415)
at org.testng.SuiteRunner.run(SuiteRunner.java:364)
at org.testng.SuiteRunnerWorker.runSuite(SuiteRunnerWorker.java:52)
at org.testng.SuiteRunnerWorker.run(SuiteRunnerWorker.java:84)
at org.testng.TestNG.runSuitesSequentially(TestNG.java:1208)
at org.testng.TestNG.runSuitesLocally(TestNG.java:1137)
at org.testng.TestNG.runSuites(TestNG.java:1049)
at org.testng.TestNG.run(TestNG.java:1017)
at org.apache.maven.surefire.testng.TestNGExecutor.run(TestNGExecutor.java:135)
at org.apache.maven.surefire.testng.TestNGDirectoryTestSuite.executeMulti(TestNGDirectoryTestSuite.java:193)
at org.apache.maven.surefire.testng.TestNGDirectoryTestSuite.execute(TestNGDirectoryTestSuite.java:94)
at org.apache.maven.surefire.testng.TestNGProvider.invoke(TestNGProvider.java:146)
at org.apache.maven.surefire.booter.ForkedBooter.invokeProviderInSameClassLoader(ForkedBooter.java:384)
at org.apache.maven.surefire.booter.ForkedBooter.runSuitesInProcess(ForkedBooter.java:345)
at org.apache.maven.surefire.booter.ForkedBooter.execute(ForkedBooter.java:126)
at org.apache.maven.surefire.booter.ForkedBooter.main(ForkedBooter.java:418)
]]>
            </full-stacktrace>
          </exception> <!-- java.lang.IllegalArgumentException -->
          <reporter-output>
          </reporter-output>
        </test-method> <!-- validateIsImageSelectedFromVisibleText -->
        <test-method is-config="true" signature="quit()[pri:0, instance:com.naveenautomationlabs.automationFramework.tests.YourStoreTest@2a4fb17b]" started-at="2023-07-09T01:29:26Z" name="quit" finished-at="2023-07-09T01:29:26Z" duration-ms="103" status="PASS">
          <reporter-output>
          </reporter-output>
        </test-method> <!-- quit -->
        <test-method is-config="true" signature="setUp()[pri:0, instance:com.naveenautomationlabs.automationFramework.tests.YourStoreTest@2a4fb17b]" started-at="2023-07-09T01:29:26Z" name="setUp" finished-at="2023-07-09T01:29:33Z" duration-ms="7330" status="PASS">
          <reporter-output>
          </reporter-output>
        </test-method> <!-- setUp -->
        <test-method signature="validateItemsAddedToTheWishlist()[pri:0, instance:com.naveenautomationlabs.automationFramework.tests.YourStoreTest@2a4fb17b]" started-at="2023-07-09T01:29:33Z" name="validateItemsAddedToTheWishlist" finished-at="2023-07-09T01:29:34Z" duration-ms="912" status="PASS">
          <reporter-output>
          </reporter-output>
        </test-method> <!-- validateItemsAddedToTheWishlist -->
        <test-method is-config="true" signature="quit()[pri:0, instance:com.naveenautomationlabs.automationFramework.tests.YourStoreTest@2a4fb17b]" started-at="2023-07-09T01:29:34Z" name="quit" finished-at="2023-07-09T01:29:34Z" duration-ms="385" status="PASS">
          <reporter-output>
          </reporter-output>
        </test-method> <!-- quit -->
        <test-method is-config="true" signature="setUp()[pri:0, instance:com.naveenautomationlabs.automationFramework.tests.YourStoreTest@2a4fb17b]" started-at="2023-07-09T01:29:34Z" name="setUp" finished-at="2023-07-09T01:29:42Z" duration-ms="7213" status="PASS">
          <reporter-output>
          </reporter-output>
        </test-method> <!-- setUp -->
        <test-method signature="validateLogoIsDisplayed()[pri:0, instance:com.naveenautomationlabs.automationFramework.tests.YourStoreTest@2a4fb17b]" started-at="2023-07-09T01:29:42Z" name="validateLogoIsDisplayed" finished-at="2023-07-09T01:29:42Z" duration-ms="77" status="PASS">
          <reporter-output>
          </reporter-output>
        </test-method> <!-- validateLogoIsDisplayed -->
        <test-method is-config="true" signature="quit()[pri:0, instance:com.naveenautomationlabs.automationFramework.tests.YourStoreTest@2a4fb17b]" started-at="2023-07-09T01:29:42Z" name="quit" finished-at="2023-07-09T01:29:42Z" duration-ms="157" status="PASS">
          <reporter-output>
          </reporter-output>
        </test-method> <!-- quit -->
      </class> <!-- com.naveenautomationlabs.automationFramework.tests.YourStoreTest -->
      <class name="com.naveenautomationlabs.automationFramework.tests.MyAccountTest">
        <test-method is-config="true" signature="setUpLogger()[pri:0, instance:com.naveenautomationlabs.automationFramework.tests.MyAccountTest@4135c3b]" started-at="2023-07-09T01:27:28Z" name="setUpLogger" finished-at="2023-07-09T01:27:28Z" duration-ms="3" status="PASS">
          <reporter-output>
          </reporter-output>
        </test-method> <!-- setUpLogger -->
        <test-method is-config="true" signature="setUp()[pri:0, instance:com.naveenautomationlabs.automationFramework.tests.MyAccountTest@4135c3b]" started-at="2023-07-09T01:27:31Z" name="setUp" finished-at="2023-07-09T01:27:40Z" duration-ms="8805" status="PASS">
          <reporter-output>
          </reporter-output>
        </test-method> <!-- setUp -->
        <test-method signature="loginTest(java.lang.String, java.lang.String)[pri:0, instance:com.naveenautomationlabs.automationFramework.tests.MyAccountTest@4135c3b]" started-at="2023-07-09T01:27:40Z" name="loginTest" data-provider="LoginDataProvider" finished-at="2023-07-09T01:27:42Z" duration-ms="2314" status="PASS">
          <params>
            <param index="0">
              <value>
                <![CDATA[tony@gamil.com]]>
              </value>
            </param>
            <param index="1">
              <value>
                <![CDATA[Password2]]>
              </value>
            </param>
          </params>
          <reporter-output>
          </reporter-output>
        </test-method> <!-- loginTest -->
        <test-method is-config="true" signature="quit()[pri:0, instance:com.naveenautomationlabs.automationFramework.tests.MyAccountTest@4135c3b]" started-at="2023-07-09T01:27:42Z" name="quit" finished-at="2023-07-09T01:27:42Z" duration-ms="119" status="PASS">
          <reporter-output>
          </reporter-output>
        </test-method> <!-- quit -->
        <test-method is-config="true" signature="setUp()[pri:0, instance:com.naveenautomationlabs.automationFramework.tests.MyAccountTest@4135c3b]" started-at="2023-07-09T01:27:42Z" name="setUp" finished-at="2023-07-09T01:27:52Z" duration-ms="9472" status="PASS">
          <reporter-output>
          </reporter-output>
        </test-method> <!-- setUp -->
        <test-method signature="loginTest(java.lang.String, java.lang.String)[pri:0, instance:com.naveenautomationlabs.automationFramework.tests.MyAccountTest@4135c3b]" started-at="2023-07-09T01:27:52Z" name="loginTest" data-provider="LoginDataProvider" finished-at="2023-07-09T01:27:54Z" duration-ms="2611" status="PASS">
          <params>
            <param index="0">
              <value>
                <![CDATA[manpreetkaur1991@gmail.com]]>
              </value>
            </param>
            <param index="1">
              <value>
                <![CDATA[manpreetkaur]]>
              </value>
            </param>
          </params>
          <reporter-output>
          </reporter-output>
        </test-method> <!-- loginTest -->
        <test-method is-config="true" signature="quit()[pri:0, instance:com.naveenautomationlabs.automationFramework.tests.MyAccountTest@4135c3b]" started-at="2023-07-09T01:27:54Z" name="quit" finished-at="2023-07-09T01:27:55Z" duration-ms="389" status="PASS">
          <reporter-output>
          </reporter-output>
        </test-method> <!-- quit -->
        <test-method is-config="true" signature="setUp()[pri:0, instance:com.naveenautomationlabs.automationFramework.tests.MyAccountTest@4135c3b]" started-at="2023-07-09T01:27:55Z" name="setUp" finished-at="2023-07-09T01:28:03Z" duration-ms="8429" status="PASS">
          <reporter-output>
          </reporter-output>
        </test-method> <!-- setUp -->
        <test-method signature="loginTest(java.lang.String, java.lang.String)[pri:0, instance:com.naveenautomationlabs.automationFramework.tests.MyAccountTest@4135c3b]" started-at="2023-07-09T01:28:03Z" name="loginTest" data-provider="LoginDataProvider" finished-at="2023-07-09T01:28:06Z" duration-ms="2423" status="PASS">
          <params>
            <param index="0">
              <value>
                <![CDATA[ryan@gmail.com]]>
              </value>
            </param>
            <param index="1">
              <value>
                <![CDATA[changePass1]]>
              </value>
            </param>
          </params>
          <reporter-output>
          </reporter-output>
        </test-method> <!-- loginTest -->
        <test-method is-config="true" signature="quit()[pri:0, instance:com.naveenautomationlabs.automationFramework.tests.MyAccountTest@4135c3b]" started-at="2023-07-09T01:28:06Z" name="quit" finished-at="2023-07-09T01:28:06Z" duration-ms="427" status="PASS">
          <reporter-output>
          </reporter-output>
        </test-method> <!-- quit -->
        <test-method is-config="true" signature="setUp()[pri:0, instance:com.naveenautomationlabs.automationFramework.tests.MyAccountTest@4135c3b]" started-at="2023-07-09T01:28:06Z" name="setUp" finished-at="2023-07-09T01:28:15Z" duration-ms="8759" status="PASS">
          <reporter-output>
          </reporter-output>
        </test-method> <!-- setUp -->
        <test-method signature="loginTest(java.lang.String, java.lang.String)[pri:0, instance:com.naveenautomationlabs.automationFramework.tests.MyAccountTest@4135c3b]" started-at="2023-07-09T01:28:15Z" name="loginTest" data-provider="LoginDataProvider" finished-at="2023-07-09T01:28:17Z" duration-ms="2565" status="PASS">
          <params>
            <param index="0">
              <value>
                <![CDATA[jainrajat1234@gmail.com]]>
              </value>
            </param>
            <param index="1">
              <value>
                <![CDATA[RAJATjain]]>
              </value>
            </param>
          </params>
          <reporter-output>
          </reporter-output>
        </test-method> <!-- loginTest -->
        <test-method is-config="true" signature="quit()[pri:0, instance:com.naveenautomationlabs.automationFramework.tests.MyAccountTest@4135c3b]" started-at="2023-07-09T01:28:17Z" name="quit" finished-at="2023-07-09T01:28:18Z" duration-ms="119" status="PASS">
          <reporter-output>
          </reporter-output>
        </test-method> <!-- quit -->
        <test-method is-config="true" signature="setUp()[pri:0, instance:com.naveenautomationlabs.automationFramework.tests.MyAccountTest@4135c3b]" started-at="2023-07-09T01:28:18Z" name="setUp" finished-at="2023-07-09T01:28:27Z" duration-ms="9503" status="PASS">
          <reporter-output>
          </reporter-output>
        </test-method> <!-- setUp -->
        <test-method signature="validateLoginUsingValidCredential()[pri:0, instance:com.naveenautomationlabs.automationFramework.tests.MyAccountTest@4135c3b]" started-at="2023-07-09T01:28:27Z" name="validateLoginUsingValidCredential" finished-at="2023-07-09T01:28:29Z" duration-ms="1912" status="FAIL">
          <exception class="java.lang.AssertionError">
            <message>
              <![CDATA[You are on wrong page expected [My Account] but found [New Customer]]]>
            </message>
            <full-stacktrace>
              <![CDATA[java.lang.AssertionError: You are on wrong page expected [My Account] but found [New Customer]
at org.testng.Assert.fail(Assert.java:96)
at org.testng.Assert.failNotEquals(Assert.java:776)
at org.testng.Assert.assertEqualsImpl(Assert.java:137)
at org.testng.Assert.assertEquals(Assert.java:118)
at org.testng.Assert.assertEquals(Assert.java:453)
at com.naveenautomationlabs.automationFramework.tests.MyAccountTest.validateLoginUsingValidCredential(MyAccountTest.java:33)
at java.base/jdk.internal.reflect.NativeMethodAccessorImpl.invoke0(Native Method)
at java.base/jdk.internal.reflect.NativeMethodAccessorImpl.invoke(NativeMethodAccessorImpl.java:62)
at java.base/jdk.internal.reflect.DelegatingMethodAccessorImpl.invoke(DelegatingMethodAccessorImpl.java:43)
at java.base/java.lang.reflect.Method.invoke(Method.java:566)
at org.testng.internal.MethodInvocationHelper.invokeMethod(MethodInvocationHelper.java:124)
at org.testng.internal.Invoker.invokeMethod(Invoker.java:583)
at org.testng.internal.Invoker.invokeTestMethod(Invoker.java:719)
at org.testng.internal.Invoker.invokeTestMethods(Invoker.java:989)
at org.testng.internal.TestMethodWorker.invokeTestMethods(TestMethodWorker.java:125)
at org.testng.internal.TestMethodWorker.run(TestMethodWorker.java:109)
at org.testng.TestRunner.privateRun(TestRunner.java:648)
at org.testng.TestRunner.run(TestRunner.java:505)
at org.testng.SuiteRunner.runTest(SuiteRunner.java:455)
at org.testng.SuiteRunner.runSequentially(SuiteRunner.java:450)
at org.testng.SuiteRunner.privateRun(SuiteRunner.java:415)
at org.testng.SuiteRunner.run(SuiteRunner.java:364)
at org.testng.SuiteRunnerWorker.runSuite(SuiteRunnerWorker.java:52)
at org.testng.SuiteRunnerWorker.run(SuiteRunnerWorker.java:84)
at org.testng.TestNG.runSuitesSequentially(TestNG.java:1208)
at org.testng.TestNG.runSuitesLocally(TestNG.java:1137)
at org.testng.TestNG.runSuites(TestNG.java:1049)
at org.testng.TestNG.run(TestNG.java:1017)
at org.apache.maven.surefire.testng.TestNGExecutor.run(TestNGExecutor.java:135)
at org.apache.maven.surefire.testng.TestNGDirectoryTestSuite.executeMulti(TestNGDirectoryTestSuite.java:193)
at org.apache.maven.surefire.testng.TestNGDirectoryTestSuite.execute(TestNGDirectoryTestSuite.java:94)
at org.apache.maven.surefire.testng.TestNGProvider.invoke(TestNGProvider.java:146)
at org.apache.maven.surefire.booter.ForkedBooter.invokeProviderInSameClassLoader(ForkedBooter.java:384)
at org.apache.maven.surefire.booter.ForkedBooter.runSuitesInProcess(ForkedBooter.java:345)
at org.apache.maven.surefire.booter.ForkedBooter.execute(ForkedBooter.java:126)
at org.apache.maven.surefire.booter.ForkedBooter.main(ForkedBooter.java:418)
]]>
            </full-stacktrace>
          </exception> <!-- java.lang.AssertionError -->
          <reporter-output>
          </reporter-output>
        </test-method> <!-- validateLoginUsingValidCredential -->
        <test-method is-config="true" signature="quit()[pri:0, instance:com.naveenautomationlabs.automationFramework.tests.MyAccountTest@4135c3b]" started-at="2023-07-09T01:28:29Z" name="quit" finished-at="2023-07-09T01:28:29Z" duration-ms="268" status="PASS">
          <reporter-output>
          </reporter-output>
        </test-method> <!-- quit -->
        <test-method is-config="true" signature="setUp()[pri:0, instance:com.naveenautomationlabs.automationFramework.tests.MyAccountTest@4135c3b]" started-at="2023-07-09T01:28:29Z" name="setUp" finished-at="2023-07-09T01:28:37Z" duration-ms="8102" status="PASS">
          <reporter-output>
          </reporter-output>
        </test-method> <!-- setUp -->
        <test-method signature="validateSideNavigationBar()[pri:0, instance:com.naveenautomationlabs.automationFramework.tests.MyAccountTest@4135c3b]" started-at="2023-07-09T01:28:37Z" name="validateSideNavigationBar" finished-at="2023-07-09T01:28:40Z" duration-ms="2219" status="FAIL">
          <exception class="java.lang.AssertionError">
            <message>
              <![CDATA[navigation option  is not clicked expected [true] but found [false]]]>
            </message>
            <full-stacktrace>
              <![CDATA[java.lang.AssertionError: navigation option  is not clicked expected [true] but found [false]
at org.testng.Assert.fail(Assert.java:96)
at org.testng.Assert.failNotEquals(Assert.java:776)
at org.testng.Assert.assertTrue(Assert.java:44)
at com.naveenautomationlabs.automationFramework.tests.MyAccountTest.validateSideNavigationBar(MyAccountTest.java:42)
at java.base/jdk.internal.reflect.NativeMethodAccessorImpl.invoke0(Native Method)
at java.base/jdk.internal.reflect.NativeMethodAccessorImpl.invoke(NativeMethodAccessorImpl.java:62)
at java.base/jdk.internal.reflect.DelegatingMethodAccessorImpl.invoke(DelegatingMethodAccessorImpl.java:43)
at java.base/java.lang.reflect.Method.invoke(Method.java:566)
at org.testng.internal.MethodInvocationHelper.invokeMethod(MethodInvocationHelper.java:124)
at org.testng.internal.Invoker.invokeMethod(Invoker.java:583)
at org.testng.internal.Invoker.invokeTestMethod(Invoker.java:719)
at org.testng.internal.Invoker.invokeTestMethods(Invoker.java:989)
at org.testng.internal.TestMethodWorker.invokeTestMethods(TestMethodWorker.java:125)
at org.testng.internal.TestMethodWorker.run(TestMethodWorker.java:109)
at org.testng.TestRunner.privateRun(TestRunner.java:648)
at org.testng.TestRunner.run(TestRunner.java:505)
at org.testng.SuiteRunner.runTest(SuiteRunner.java:455)
at org.testng.SuiteRunner.runSequentially(SuiteRunner.java:450)
at org.testng.SuiteRunner.privateRun(SuiteRunner.java:415)
at org.testng.SuiteRunner.run(SuiteRunner.java:364)
at org.testng.SuiteRunnerWorker.runSuite(SuiteRunnerWorker.java:52)
at org.testng.SuiteRunnerWorker.run(SuiteRunnerWorker.java:84)
at org.testng.TestNG.runSuitesSequentially(TestNG.java:1208)
at org.testng.TestNG.runSuitesLocally(TestNG.java:1137)
at org.testng.TestNG.runSuites(TestNG.java:1049)
at org.testng.TestNG.run(TestNG.java:1017)
at org.apache.maven.surefire.testng.TestNGExecutor.run(TestNGExecutor.java:135)
at org.apache.maven.surefire.testng.TestNGDirectoryTestSuite.executeMulti(TestNGDirectoryTestSuite.java:193)
at org.apache.maven.surefire.testng.TestNGDirectoryTestSuite.execute(TestNGDirectoryTestSuite.java:94)
at org.apache.maven.surefire.testng.TestNGProvider.invoke(TestNGProvider.java:146)
at org.apache.maven.surefire.booter.ForkedBooter.invokeProviderInSameClassLoader(ForkedBooter.java:384)
at org.apache.maven.surefire.booter.ForkedBooter.runSuitesInProcess(ForkedBooter.java:345)
at org.apache.maven.surefire.booter.ForkedBooter.execute(ForkedBooter.java:126)
at org.apache.maven.surefire.booter.ForkedBooter.main(ForkedBooter.java:418)
]]>
            </full-stacktrace>
          </exception> <!-- java.lang.AssertionError -->
          <reporter-output>
          </reporter-output>
        </test-method> <!-- validateSideNavigationBar -->
        <test-method is-config="true" signature="quit()[pri:0, instance:com.naveenautomationlabs.automationFramework.tests.MyAccountTest@4135c3b]" started-at="2023-07-09T01:28:40Z" name="quit" finished-at="2023-07-09T01:28:40Z" duration-ms="343" status="PASS">
          <reporter-output>
          </reporter-output>
        </test-method> <!-- quit -->
      </class> <!-- com.naveenautomationlabs.automationFramework.tests.MyAccountTest -->
      <class name="com.naveenautomationlabs.automationFramework.tests.AccountHasBeenCreatedTest">
        <test-method is-config="true" signature="setUpLogger()[pri:0, instance:com.naveenautomationlabs.automationFramework.tests.AccountHasBeenCreatedTest@2a65fe7c]" started-at="2023-07-09T01:27:01Z" name="setUpLogger" finished-at="2023-07-09T01:27:01Z" duration-ms="256" status="PASS">
          <reporter-output>
          </reporter-output>
        </test-method> <!-- setUpLogger -->
        <test-method is-config="true" signature="setUp()[pri:0, instance:com.naveenautomationlabs.automationFramework.tests.AccountHasBeenCreatedTest@2a65fe7c]" started-at="2023-07-09T01:27:01Z" name="setUp" finished-at="2023-07-09T01:27:21Z" duration-ms="20124" status="PASS">
          <reporter-output>
          </reporter-output>
        </test-method> <!-- setUp -->
        <test-method signature="validateUserRegisterWithValidDetails()[pri:0, instance:com.naveenautomationlabs.automationFramework.tests.AccountHasBeenCreatedTest@2a65fe7c]" started-at="2023-07-09T01:27:21Z" name="validateUserRegisterWithValidDetails" finished-at="2023-07-09T01:27:27Z" duration-ms="6084" status="FAIL">
          <exception class="java.lang.AssertionError">
            <message>
              <![CDATA[Unable to create account expected [Your Account Has Been Created!] but found [Register Account]]]>
            </message>
            <full-stacktrace>
              <![CDATA[java.lang.AssertionError: Unable to create account expected [Your Account Has Been Created!] but found [Register Account]
at org.testng.Assert.fail(Assert.java:96)
at org.testng.Assert.failNotEquals(Assert.java:776)
at org.testng.Assert.assertEqualsImpl(Assert.java:137)
at org.testng.Assert.assertEquals(Assert.java:118)
at org.testng.Assert.assertEquals(Assert.java:453)
at com.naveenautomationlabs.automationFramework.tests.AccountHasBeenCreatedTest.validateUserRegisterWithValidDetails(AccountHasBeenCreatedTest.java:32)
at java.base/jdk.internal.reflect.NativeMethodAccessorImpl.invoke0(Native Method)
at java.base/jdk.internal.reflect.NativeMethodAccessorImpl.invoke(NativeMethodAccessorImpl.java:62)
at java.base/jdk.internal.reflect.DelegatingMethodAccessorImpl.invoke(DelegatingMethodAccessorImpl.java:43)
at java.base/java.lang.reflect.Method.invoke(Method.java:566)
at org.testng.internal.MethodInvocationHelper.invokeMethod(MethodInvocationHelper.java:124)
at org.testng.internal.Invoker.invokeMethod(Invoker.java:583)
at org.testng.internal.Invoker.invokeTestMethod(Invoker.java:719)
at org.testng.internal.Invoker.invokeTestMethods(Invoker.java:989)
at org.testng.internal.TestMethodWorker.invokeTestMethods(TestMethodWorker.java:125)
at org.testng.internal.TestMethodWorker.run(TestMethodWorker.java:109)
at org.testng.TestRunner.privateRun(TestRunner.java:648)
at org.testng.TestRunner.run(TestRunner.java:505)
at org.testng.SuiteRunner.runTest(SuiteRunner.java:455)
at org.testng.SuiteRunner.runSequentially(SuiteRunner.java:450)
at org.testng.SuiteRunner.privateRun(SuiteRunner.java:415)
at org.testng.SuiteRunner.run(SuiteRunner.java:364)
at org.testng.SuiteRunnerWorker.runSuite(SuiteRunnerWorker.java:52)
at org.testng.SuiteRunnerWorker.run(SuiteRunnerWorker.java:84)
at org.testng.TestNG.runSuitesSequentially(TestNG.java:1208)
at org.testng.TestNG.runSuitesLocally(TestNG.java:1137)
at org.testng.TestNG.runSuites(TestNG.java:1049)
at org.testng.TestNG.run(TestNG.java:1017)
at org.apache.maven.surefire.testng.TestNGExecutor.run(TestNGExecutor.java:135)
at org.apache.maven.surefire.testng.TestNGDirectoryTestSuite.executeMulti(TestNGDirectoryTestSuite.java:193)
at org.apache.maven.surefire.testng.TestNGDirectoryTestSuite.execute(TestNGDirectoryTestSuite.java:94)
at org.apache.maven.surefire.testng.TestNGProvider.invoke(TestNGProvider.java:146)
at org.apache.maven.surefire.booter.ForkedBooter.invokeProviderInSameClassLoader(ForkedBooter.java:384)
at org.apache.maven.surefire.booter.ForkedBooter.runSuitesInProcess(ForkedBooter.java:345)
at org.apache.maven.surefire.booter.ForkedBooter.execute(ForkedBooter.java:126)
at org.apache.maven.surefire.booter.ForkedBooter.main(ForkedBooter.java:418)
]]>
            </full-stacktrace>
          </exception> <!-- java.lang.AssertionError -->
          <reporter-output>
          </reporter-output>
        </test-method> <!-- validateUserRegisterWithValidDetails -->
        <test-method is-config="true" signature="quit()[pri:0, instance:com.naveenautomationlabs.automationFramework.tests.AccountHasBeenCreatedTest@2a65fe7c]" started-at="2023-07-09T01:27:27Z" name="quit" finished-at="2023-07-09T01:27:28Z" duration-ms="676" status="PASS">
          <reporter-output>
          </reporter-output>
        </test-method> <!-- quit -->
      </class> <!-- com.naveenautomationlabs.automationFramework.tests.AccountHasBeenCreatedTest -->
      <class name="com.naveenautomationlabs.automationFramework.tests.MyWishListTest">
        <test-method is-config="true" signature="setUpLogger()[pri:0, instance:com.naveenautomationlabs.automationFramework.tests.MyWishListTest@6302bbb1]" started-at="2023-07-09T01:29:42Z" name="setUpLogger" finished-at="2023-07-09T01:29:42Z" duration-ms="6" status="PASS">
          <reporter-output>
          </reporter-output>
        </test-method> <!-- setUpLogger -->
        <test-method is-config="true" signature="setUp()[pri:0, instance:com.naveenautomationlabs.automationFramework.tests.MyWishListTest@6302bbb1]" started-at="2023-07-09T01:29:42Z" name="setUp" finished-at="2023-07-09T01:29:51Z" duration-ms="9047" status="PASS">
          <reporter-output>
          </reporter-output>
        </test-method> <!-- setUp -->
        <test-method signature="test()[pri:0, instance:com.naveenautomationlabs.automationFramework.tests.MyWishListTest@6302bbb1]" started-at="2023-07-09T01:29:51Z" name="test" finished-at="2023-07-09T01:29:54Z" duration-ms="3099" status="FAIL">
          <exception class="java.util.NoSuchElementException">
            <full-stacktrace>
              <![CDATA[java.util.NoSuchElementException
at com.naveenautomationlabs.automationFramework.pages.MyWishList.getCellElementFromTable(MyWishList.java:20)
at com.naveenautomationlabs.automationFramework.tests.MyWishListTest.test(MyWishListTest.java:41)
at java.base/jdk.internal.reflect.NativeMethodAccessorImpl.invoke0(Native Method)
at java.base/jdk.internal.reflect.NativeMethodAccessorImpl.invoke(NativeMethodAccessorImpl.java:62)
at java.base/jdk.internal.reflect.DelegatingMethodAccessorImpl.invoke(DelegatingMethodAccessorImpl.java:43)
at java.base/java.lang.reflect.Method.invoke(Method.java:566)
at org.testng.internal.MethodInvocationHelper.invokeMethod(MethodInvocationHelper.java:124)
at org.testng.internal.Invoker.invokeMethod(Invoker.java:583)
at org.testng.internal.Invoker.invokeTestMethod(Invoker.java:719)
at org.testng.internal.Invoker.invokeTestMethods(Invoker.java:989)
at org.testng.internal.TestMethodWorker.invokeTestMethods(TestMethodWorker.java:125)
at org.testng.internal.TestMethodWorker.run(TestMethodWorker.java:109)
at org.testng.TestRunner.privateRun(TestRunner.java:648)
at org.testng.TestRunner.run(TestRunner.java:505)
at org.testng.SuiteRunner.runTest(SuiteRunner.java:455)
at org.testng.SuiteRunner.runSequentially(SuiteRunner.java:450)
at org.testng.SuiteRunner.privateRun(SuiteRunner.java:415)
at org.testng.SuiteRunner.run(SuiteRunner.java:364)
at org.testng.SuiteRunnerWorker.runSuite(SuiteRunnerWorker.java:52)
at org.testng.SuiteRunnerWorker.run(SuiteRunnerWorker.java:84)
at org.testng.TestNG.runSuitesSequentially(TestNG.java:1208)
at org.testng.TestNG.runSuitesLocally(TestNG.java:1137)
at org.testng.TestNG.runSuites(TestNG.java:1049)
at org.testng.TestNG.run(TestNG.java:1017)
at org.apache.maven.surefire.testng.TestNGExecutor.run(TestNGExecutor.java:135)
at org.apache.maven.surefire.testng.TestNGDirectoryTestSuite.executeMulti(TestNGDirectoryTestSuite.java:193)
at org.apache.maven.surefire.testng.TestNGDirectoryTestSuite.execute(TestNGDirectoryTestSuite.java:94)
at org.apache.maven.surefire.testng.TestNGProvider.invoke(TestNGProvider.java:146)
at org.apache.maven.surefire.booter.ForkedBooter.invokeProviderInSameClassLoader(ForkedBooter.java:384)
at org.apache.maven.surefire.booter.ForkedBooter.runSuitesInProcess(ForkedBooter.java:345)
at org.apache.maven.surefire.booter.ForkedBooter.execute(ForkedBooter.java:126)
at org.apache.maven.surefire.booter.ForkedBooter.main(ForkedBooter.java:418)
]]>
            </full-stacktrace>
          </exception> <!-- java.util.NoSuchElementException -->
          <reporter-output>
          </reporter-output>
        </test-method> <!-- test -->
        <test-method is-config="true" signature="quit()[pri:0, instance:com.naveenautomationlabs.automationFramework.tests.MyWishListTest@6302bbb1]" started-at="2023-07-09T01:29:54Z" name="quit" finished-at="2023-07-09T01:29:54Z" duration-ms="239" status="PASS">
          <reporter-output>
          </reporter-output>
        </test-method> <!-- quit -->
      </class> <!-- com.naveenautomationlabs.automationFramework.tests.MyWishListTest -->
      <class name="com.naveenautomationlabs.automationFramework.tests.SearchIphoneTest">
        <test-method is-config="true" signature="setUpLogger()[pri:0, instance:com.naveenautomationlabs.automationFramework.tests.SearchIphoneTest@34a3d150]" started-at="2023-07-09T01:29:54Z" name="setUpLogger" finished-at="2023-07-09T01:29:54Z" duration-ms="4" status="PASS">
          <reporter-output>
          </reporter-output>
        </test-method> <!-- setUpLogger -->
        <test-method is-config="true" signature="setUp()[pri:0, instance:com.naveenautomationlabs.automationFramework.tests.SearchIphoneTest@34a3d150]" started-at="2023-07-09T01:29:54Z" name="setUp" finished-at="2023-07-09T01:30:05Z" duration-ms="11252" status="PASS">
          <reporter-output>
          </reporter-output>
        </test-method> <!-- setUp -->
        <test-method signature="validateSearchBar()[pri:0, instance:com.naveenautomationlabs.automationFramework.tests.SearchIphoneTest@34a3d150]" started-at="2023-07-09T01:30:05Z" name="validateSearchBar" finished-at="2023-07-09T01:30:07Z" duration-ms="1298" status="PASS">
          <reporter-output>
          </reporter-output>
        </test-method> <!-- validateSearchBar -->
        <test-method is-config="true" signature="quit()[pri:0, instance:com.naveenautomationlabs.automationFramework.tests.SearchIphoneTest@34a3d150]" started-at="2023-07-09T01:30:07Z" name="quit" finished-at="2023-07-09T01:30:07Z" duration-ms="255" status="PASS">
          <reporter-output>
          </reporter-output>
        </test-method> <!-- quit -->
      </class> <!-- com.naveenautomationlabs.automationFramework.tests.SearchIphoneTest -->
    </test> <!-- Surefire test -->
  </suite> <!-- Surefire suite -->
</testng-results>
