<?xml version="1.0" encoding="UTF-8"?>
<testsuite xmlns:xsi="http://www.w3.org/2001/XMLSchema-instance" xsi:noNamespaceSchemaLocation="https://maven.apache.org/surefire/maven-surefire-plugin/xsd/surefire-test-report.xsd" name="TestSuite" time="179.466" tests="15" errors="0" skipped="0" failures="6">
  <properties>
[...]
</properties>
  <testcase name="validateUserRegisterWithValidDetails" classname="com.naveenautomationlabs.automationFramework.tests.AccountHasBeenCreatedTest" time="4.521">
    <failure message="Unable to create account expected [Your Account Has Been Created!] but found [Register Account]" type="java.lang.AssertionError">java.lang.AssertionError: Unable to create account expected [Your Account Has Been Created!] but found [Register Account]
	at com.naveenautomationlabs.automationFramework.tests.AccountHasBeenCreatedTest.validateUserRegisterWithValidDetails(AccountHasBeenCreatedTest.java:32)
</failure>
    <system-out><![CDATA[2023-07-05 13:59:03 INFO  TestBase:39 - Navigating to URL: https://naveenautomationlabs.com/opencart/index.php?route=common/home
0 [main] INFO com.naveenautomationlabs.automationFramework.base.TestBase  - Navigating to URL: https://naveenautomationlabs.com/opencart/index.php?route=common/home
2023-07-05 13:59:08 INFO  TestBase:45 - Navigated to URL: https://naveenautomationlabs.com/opencart/index.php?route=common/home
5026 [main] INFO com.naveenautomationlabs.automationFramework.base.TestBase  - Navigated to URL: https://naveenautomationlabs.com/opencart/index.php?route=common/home
2023-07-05 13:59:09 INFO  TestBase:87 - Finding Element: By.cssSelector: ul.list-inline>li:nth-of-type(2) a
5812 [main] INFO com.naveenautomationlabs.automationFramework.base.TestBase  - Finding Element: By.cssSelector: ul.list-inline>li:nth-of-type(2) a
2023-07-05 13:59:09 INFO  TestBase:93 - Found Element: By.cssSelector: ul.list-inline>li:nth-of-type(2) a
6023 [main] INFO com.naveenautomationlabs.automationFramework.base.TestBase  - Found Element: By.cssSelector: ul.list-inline>li:nth-of-type(2) a
2023-07-05 13:59:09 INFO  TestBase:105 - Clicked ON: [[ChromeDriver: chrome on WINDOWS (2f69bcbc04d5fd86e585286ed94cacfe)] -> css selector: ul.list-inline>li:nth-of-type(2) a]
6330 [main] INFO com.naveenautomationlabs.automationFramework.base.TestBase  - Clicked ON: [[ChromeDriver: chrome on WINDOWS (2f69bcbc04d5fd86e585286ed94cacfe)] -> css selector: ul.list-inline>li:nth-of-type(2) a]
2023-07-05 13:59:09 INFO  TestBase:87 - Finding Element: By.cssSelector: ul.list-inline li:nth-of-type(2) ul>li 
6335 [main] INFO com.naveenautomationlabs.automationFramework.base.TestBase  - Finding Element: By.cssSelector: ul.list-inline li:nth-of-type(2) ul>li 
2023-07-05 13:59:09 INFO  TestBase:93 - Found Element: By.cssSelector: ul.list-inline li:nth-of-type(2) ul>li 
6372 [main] INFO com.naveenautomationlabs.automationFramework.base.TestBase  - Found Element: By.cssSelector: ul.list-inline li:nth-of-type(2) ul>li 
2023-07-05 13:59:11 INFO  TestBase:105 - Clicked ON: [[ChromeDriver: chrome on WINDOWS (2f69bcbc04d5fd86e585286ed94cacfe)] -> css selector: ul.list-inline li:nth-of-type(2) ul>li ]
7445 [main] INFO com.naveenautomationlabs.automationFramework.base.TestBase  - Clicked ON: [[ChromeDriver: chrome on WINDOWS (2f69bcbc04d5fd86e585286ed94cacfe)] -> css selector: ul.list-inline li:nth-of-type(2) ul>li ]
2023-07-05 13:59:11 INFO  TestBase:87 - Finding Element: By.cssSelector: #input-firstname
7454 [main] INFO com.naveenautomationlabs.automationFramework.base.TestBase  - Finding Element: By.cssSelector: #input-firstname
2023-07-05 13:59:11 INFO  TestBase:93 - Found Element: By.cssSelector: #input-firstname
7502 [main] INFO com.naveenautomationlabs.automationFramework.base.TestBase  - Found Element: By.cssSelector: #input-firstname
2023-07-05 13:59:11 INFO  TestBase:87 - Finding Element: By.cssSelector: #input-lastname
8135 [main] INFO com.naveenautomationlabs.automationFramework.base.TestBase  - Finding Element: By.cssSelector: #input-lastname
2023-07-05 13:59:11 INFO  TestBase:93 - Found Element: By.cssSelector: #input-lastname
8161 [main] INFO com.naveenautomationlabs.automationFramework.base.TestBase  - Found Element: By.cssSelector: #input-lastname
2023-07-05 13:59:11 INFO  TestBase:87 - Finding Element: By.cssSelector: #input-email
8289 [main] INFO com.naveenautomationlabs.automationFramework.base.TestBase  - Finding Element: By.cssSelector: #input-email
2023-07-05 13:59:11 INFO  TestBase:93 - Found Element: By.cssSelector: #input-email
8388 [main] INFO com.naveenautomationlabs.automationFramework.base.TestBase  - Found Element: By.cssSelector: #input-email
2023-07-05 13:59:12 INFO  TestBase:87 - Finding Element: By.cssSelector: #input-telephone
8601 [main] INFO com.naveenautomationlabs.automationFramework.base.TestBase  - Finding Element: By.cssSelector: #input-telephone
2023-07-05 13:59:12 INFO  TestBase:93 - Found Element: By.cssSelector: #input-telephone
8680 [main] INFO com.naveenautomationlabs.automationFramework.base.TestBase  - Found Element: By.cssSelector: #input-telephone
2023-07-05 13:59:12 INFO  TestBase:87 - Finding Element: By.cssSelector: #input-password
8809 [main] INFO com.naveenautomationlabs.automationFramework.base.TestBase  - Finding Element: By.cssSelector: #input-password
2023-07-05 13:59:12 INFO  TestBase:93 - Found Element: By.cssSelector: #input-password
8891 [main] INFO com.naveenautomationlabs.automationFramework.base.TestBase  - Found Element: By.cssSelector: #input-password
2023-07-05 13:59:12 INFO  TestBase:87 - Finding Element: By.cssSelector: #input-confirm
9007 [main] INFO com.naveenautomationlabs.automationFramework.base.TestBase  - Finding Element: By.cssSelector: #input-confirm
2023-07-05 13:59:12 INFO  TestBase:93 - Found Element: By.cssSelector: #input-confirm
9043 [main] INFO com.naveenautomationlabs.automationFramework.base.TestBase  - Found Element: By.cssSelector: #input-confirm
2023-07-05 13:59:12 INFO  TestBase:87 - Finding Element: By.xpath: (//input[@name='newsletter']) [1]
9175 [main] INFO com.naveenautomationlabs.automationFramework.base.TestBase  - Finding Element: By.xpath: (//input[@name='newsletter']) [1]
2023-07-05 13:59:12 INFO  TestBase:93 - Found Element: By.xpath: (//input[@name='newsletter']) [1]
9208 [main] INFO com.naveenautomationlabs.automationFramework.base.TestBase  - Found Element: By.xpath: (//input[@name='newsletter']) [1]
2023-07-05 13:59:12 INFO  TestBase:87 - Finding Element: By.cssSelector: input[type='checkbox']
9313 [main] INFO com.naveenautomationlabs.automationFramework.base.TestBase  - Finding Element: By.cssSelector: input[type='checkbox']
2023-07-05 13:59:12 INFO  TestBase:93 - Found Element: By.cssSelector: input[type='checkbox']
9341 [main] INFO com.naveenautomationlabs.automationFramework.base.TestBase  - Found Element: By.cssSelector: input[type='checkbox']
2023-07-05 13:59:12 INFO  TestBase:105 - Clicked ON: [[ChromeDriver: chrome on WINDOWS (2f69bcbc04d5fd86e585286ed94cacfe)] -> css selector: input[type='checkbox']]
9419 [main] INFO com.naveenautomationlabs.automationFramework.base.TestBase  - Clicked ON: [[ChromeDriver: chrome on WINDOWS (2f69bcbc04d5fd86e585286ed94cacfe)] -> css selector: input[type='checkbox']]
2023-07-05 13:59:12 INFO  TestBase:87 - Finding Element: By.cssSelector: input[type='submit']
9419 [main] INFO com.naveenautomationlabs.automationFramework.base.TestBase  - Finding Element: By.cssSelector: input[type='submit']
2023-07-05 13:59:13 INFO  TestBase:93 - Found Element: By.cssSelector: input[type='submit']
9460 [main] INFO com.naveenautomationlabs.automationFramework.base.TestBase  - Found Element: By.cssSelector: input[type='submit']
2023-07-05 13:59:13 INFO  TestBase:87 - Finding Element: By.cssSelector: #content h1
10096 [main] INFO com.naveenautomationlabs.automationFramework.base.TestBase  - Finding Element: By.cssSelector: #content h1
2023-07-05 13:59:13 INFO  TestBase:93 - Found Element: By.cssSelector: #content h1
10186 [main] INFO com.naveenautomationlabs.automationFramework.base.TestBase  - Found Element: By.cssSelector: #content h1
]]></system-out>
    <system-err><![CDATA[SLF4J: Failed to load class "org.slf4j.impl.StaticLoggerBinder".
SLF4J: Defaulting to no-operation (NOP) logger implementation
SLF4J: See http://www.slf4j.org/codes.html#StaticLoggerBinder for further details.
Starting ChromeDriver 114.0.5735.90 (386bc09e8f4f2e025eddae123f36f6263096ae49-refs/branch-heads/5735@{#1052}) on port 23031
Only local connections are allowed.
Please see https://chromedriver.chromium.org/security-considerations for suggestions on keeping ChromeDriver safe.
ChromeDriver was started successfully.
Jul. 05, 2023 1:59:03 P.M. org.openqa.selenium.remote.ProtocolHandshake createSession
INFO: Detected dialect: W3C
]]></system-err>
  </testcase>
  <testcase name="loginTest" classname="com.naveenautomationlabs.automationFramework.tests.MyAccountTest" time="2.166"/>
  <testcase name="loginTest" classname="com.naveenautomationlabs.automationFramework.tests.MyAccountTest" time="2.633"/>
  <testcase name="loginTest" classname="com.naveenautomationlabs.automationFramework.tests.MyAccountTest" time="2.141"/>
  <testcase name="loginTest" classname="com.naveenautomationlabs.automationFramework.tests.MyAccountTest" time="2.525"/>
  <testcase name="validateLoginUsingValidCredential" classname="com.naveenautomationlabs.automationFramework.tests.MyAccountTest" time="1.696">
    <failure message="You are on wrong page expected [My Account] but found [New Customer]" type="java.lang.AssertionError">java.lang.AssertionError: You are on wrong page expected [My Account] but found [New Customer]
	at com.naveenautomationlabs.automationFramework.tests.MyAccountTest.validateLoginUsingValidCredential(MyAccountTest.java:33)
</failure>
    <system-out><![CDATA[2023-07-05 14:00:00 INFO  TestBase:39 - Navigating to URL: https://naveenautomationlabs.com/opencart/index.php?route=common/home
57022 [main] INFO com.naveenautomationlabs.automationFramework.base.TestBase  - Navigating to URL: https://naveenautomationlabs.com/opencart/index.php?route=common/home
2023-07-05 14:00:14 INFO  TestBase:45 - Navigated to URL: https://naveenautomationlabs.com/opencart/index.php?route=common/home
71253 [main] INFO com.naveenautomationlabs.automationFramework.base.TestBase  - Navigated to URL: https://naveenautomationlabs.com/opencart/index.php?route=common/home
2023-07-05 14:00:15 INFO  TestBase:87 - Finding Element: By.cssSelector: ul.list-inline>li:nth-of-type(2) a
71510 [main] INFO com.naveenautomationlabs.automationFramework.base.TestBase  - Finding Element: By.cssSelector: ul.list-inline>li:nth-of-type(2) a
2023-07-05 14:00:15 INFO  TestBase:93 - Found Element: By.cssSelector: ul.list-inline>li:nth-of-type(2) a
71546 [main] INFO com.naveenautomationlabs.automationFramework.base.TestBase  - Found Element: By.cssSelector: ul.list-inline>li:nth-of-type(2) a
2023-07-05 14:00:15 INFO  TestBase:105 - Clicked ON: [[ChromeDriver: chrome on WINDOWS (b5ab81454b082f48444649083f616b1e)] -> css selector: ul.list-inline>li:nth-of-type(2) a]
71635 [main] INFO com.naveenautomationlabs.automationFramework.base.TestBase  - Clicked ON: [[ChromeDriver: chrome on WINDOWS (b5ab81454b082f48444649083f616b1e)] -> css selector: ul.list-inline>li:nth-of-type(2) a]
2023-07-05 14:00:15 INFO  TestBase:87 - Finding Element: By.cssSelector: ul.dropdown-menu  li:nth-of-type(2) a
71638 [main] INFO com.naveenautomationlabs.automationFramework.base.TestBase  - Finding Element: By.cssSelector: ul.dropdown-menu  li:nth-of-type(2) a
2023-07-05 14:00:15 INFO  TestBase:93 - Found Element: By.cssSelector: ul.dropdown-menu  li:nth-of-type(2) a
71690 [main] INFO com.naveenautomationlabs.automationFramework.base.TestBase  - Found Element: By.cssSelector: ul.dropdown-menu  li:nth-of-type(2) a
2023-07-05 14:00:15 INFO  TestBase:105 - Clicked ON: [[ChromeDriver: chrome on WINDOWS (b5ab81454b082f48444649083f616b1e)] -> css selector: ul.dropdown-menu  li:nth-of-type(2) a]
72387 [main] INFO com.naveenautomationlabs.automationFramework.base.TestBase  - Clicked ON: [[ChromeDriver: chrome on WINDOWS (b5ab81454b082f48444649083f616b1e)] -> css selector: ul.dropdown-menu  li:nth-of-type(2) a]
2023-07-05 14:00:15 INFO  TestBase:87 - Finding Element: By.cssSelector: input[value='Login']
72388 [main] INFO com.naveenautomationlabs.automationFramework.base.TestBase  - Finding Element: By.cssSelector: input[value='Login']
2023-07-05 14:00:15 INFO  TestBase:93 - Found Element: By.cssSelector: input[value='Login']
72443 [main] INFO com.naveenautomationlabs.automationFramework.base.TestBase  - Found Element: By.cssSelector: input[value='Login']
2023-07-05 14:00:16 INFO  TestBase:105 - Clicked ON: [[ChromeDriver: chrome on WINDOWS (b5ab81454b082f48444649083f616b1e)] -> css selector: input[value='Login']]
73100 [main] INFO com.naveenautomationlabs.automationFramework.base.TestBase  - Clicked ON: [[ChromeDriver: chrome on WINDOWS (b5ab81454b082f48444649083f616b1e)] -> css selector: input[value='Login']]
2023-07-05 14:00:16 INFO  TestBase:87 - Finding Element: By.cssSelector: #content h2
73102 [main] INFO com.naveenautomationlabs.automationFramework.base.TestBase  - Finding Element: By.cssSelector: #content h2
2023-07-05 14:00:16 INFO  TestBase:93 - Found Element: By.cssSelector: #content h2
73141 [main] INFO com.naveenautomationlabs.automationFramework.base.TestBase  - Found Element: By.cssSelector: #content h2
]]></system-out>
    <system-err><![CDATA[Starting ChromeDriver 114.0.5735.90 (386bc09e8f4f2e025eddae123f36f6263096ae49-refs/branch-heads/5735@{#1052}) on port 31694
Only local connections are allowed.
Please see https://chromedriver.chromium.org/security-considerations for suggestions on keeping ChromeDriver safe.
ChromeDriver was started successfully.
Jul. 05, 2023 2:00:00 P.M. org.openqa.selenium.remote.ProtocolHandshake createSession
INFO: Detected dialect: W3C
]]></system-err>
  </testcase>
  <testcase name="validateSideNavigationBar" classname="com.naveenautomationlabs.automationFramework.tests.MyAccountTest" time="1.907">
    <failure message="navigation option  is not clicked expected [true] but found [false]" type="java.lang.AssertionError">java.lang.AssertionError: navigation option  is not clicked expected [true] but found [false]
	at com.naveenautomationlabs.automationFramework.tests.MyAccountTest.validateSideNavigationBar(MyAccountTest.java:42)
</failure>
    <system-out><![CDATA[2023-07-05 14:00:18 INFO  TestBase:39 - Navigating to URL: https://naveenautomationlabs.com/opencart/index.php?route=common/home
74683 [main] INFO com.naveenautomationlabs.automationFramework.base.TestBase  - Navigating to URL: https://naveenautomationlabs.com/opencart/index.php?route=common/home
2023-07-05 14:00:24 INFO  TestBase:45 - Navigated to URL: https://naveenautomationlabs.com/opencart/index.php?route=common/home
81214 [main] INFO com.naveenautomationlabs.automationFramework.base.TestBase  - Navigated to URL: https://naveenautomationlabs.com/opencart/index.php?route=common/home
2023-07-05 14:00:24 INFO  TestBase:87 - Finding Element: By.cssSelector: ul.list-inline>li:nth-of-type(2) a
81437 [main] INFO com.naveenautomationlabs.automationFramework.base.TestBase  - Finding Element: By.cssSelector: ul.list-inline>li:nth-of-type(2) a
2023-07-05 14:00:25 INFO  TestBase:93 - Found Element: By.cssSelector: ul.list-inline>li:nth-of-type(2) a
81475 [main] INFO com.naveenautomationlabs.automationFramework.base.TestBase  - Found Element: By.cssSelector: ul.list-inline>li:nth-of-type(2) a
2023-07-05 14:00:25 INFO  TestBase:105 - Clicked ON: [[ChromeDriver: chrome on WINDOWS (4809e07a92a32b5c895855b459a0212b)] -> css selector: ul.list-inline>li:nth-of-type(2) a]
81555 [main] INFO com.naveenautomationlabs.automationFramework.base.TestBase  - Clicked ON: [[ChromeDriver: chrome on WINDOWS (4809e07a92a32b5c895855b459a0212b)] -> css selector: ul.list-inline>li:nth-of-type(2) a]
2023-07-05 14:00:25 INFO  TestBase:87 - Finding Element: By.cssSelector: ul.dropdown-menu  li:nth-of-type(2) a
81558 [main] INFO com.naveenautomationlabs.automationFramework.base.TestBase  - Finding Element: By.cssSelector: ul.dropdown-menu  li:nth-of-type(2) a
2023-07-05 14:00:25 INFO  TestBase:93 - Found Element: By.cssSelector: ul.dropdown-menu  li:nth-of-type(2) a
81602 [main] INFO com.naveenautomationlabs.automationFramework.base.TestBase  - Found Element: By.cssSelector: ul.dropdown-menu  li:nth-of-type(2) a
2023-07-05 14:00:25 INFO  TestBase:105 - Clicked ON: [[ChromeDriver: chrome on WINDOWS (4809e07a92a32b5c895855b459a0212b)] -> css selector: ul.dropdown-menu  li:nth-of-type(2) a]
82298 [main] INFO com.naveenautomationlabs.automationFramework.base.TestBase  - Clicked ON: [[ChromeDriver: chrome on WINDOWS (4809e07a92a32b5c895855b459a0212b)] -> css selector: ul.dropdown-menu  li:nth-of-type(2) a]
2023-07-05 14:00:25 INFO  TestBase:87 - Finding Element: By.cssSelector: input[value='Login']
82299 [main] INFO com.naveenautomationlabs.automationFramework.base.TestBase  - Finding Element: By.cssSelector: input[value='Login']
2023-07-05 14:00:25 INFO  TestBase:93 - Found Element: By.cssSelector: input[value='Login']
82363 [main] INFO com.naveenautomationlabs.automationFramework.base.TestBase  - Found Element: By.cssSelector: input[value='Login']
2023-07-05 14:00:26 INFO  TestBase:105 - Clicked ON: [[ChromeDriver: chrome on WINDOWS (4809e07a92a32b5c895855b459a0212b)] -> css selector: input[value='Login']]
83034 [main] INFO com.naveenautomationlabs.automationFramework.base.TestBase  - Clicked ON: [[ChromeDriver: chrome on WINDOWS (4809e07a92a32b5c895855b459a0212b)] -> css selector: input[value='Login']]
2023-07-05 14:00:26 INFO  TestBase:87 - Finding Element: By.cssSelector: div.list-group a
83035 [main] INFO com.naveenautomationlabs.automationFramework.base.TestBase  - Finding Element: By.cssSelector: div.list-group a
2023-07-05 14:00:26 INFO  TestBase:93 - Found Element: By.cssSelector: div.list-group a
83093 [main] INFO com.naveenautomationlabs.automationFramework.base.TestBase  - Found Element: By.cssSelector: div.list-group a
]]></system-out>
    <system-err><![CDATA[Starting ChromeDriver 114.0.5735.90 (386bc09e8f4f2e025eddae123f36f6263096ae49-refs/branch-heads/5735@{#1052}) on port 23381
Only local connections are allowed.
Please see https://chromedriver.chromium.org/security-considerations for suggestions on keeping ChromeDriver safe.
ChromeDriver was started successfully.
Jul. 05, 2023 2:00:18 P.M. org.openqa.selenium.remote.ProtocolHandshake createSession
INFO: Detected dialect: W3C
]]></system-err>
  </testcase>
  <testcase name="validateUserRegisterWithAlreadyRegisteredEmail" classname="com.naveenautomationlabs.automationFramework.tests.RegisterAccountTest" time="3.464"/>
  <testcase name="failedTestCaseExample" classname="com.naveenautomationlabs.automationFramework.tests.YourStoreTest" time="0">
    <failure message="expected [Kaur] but found [Manpreet]" type="java.lang.AssertionError">java.lang.AssertionError: expected [Kaur] but found [Manpreet]
	at com.naveenautomationlabs.automationFramework.tests.YourStoreTest.failedTestCaseExample(YourStoreTest.java:33)
</failure>
    <system-out><![CDATA[2023-07-05 14:00:40 INFO  TestBase:39 - Navigating to URL: https://naveenautomationlabs.com/opencart/index.php?route=common/home
96904 [main] INFO com.naveenautomationlabs.automationFramework.base.TestBase  - Navigating to URL: https://naveenautomationlabs.com/opencart/index.php?route=common/home
2023-07-05 14:00:45 INFO  TestBase:45 - Navigated to URL: https://naveenautomationlabs.com/opencart/index.php?route=common/home
102441 [main] INFO com.naveenautomationlabs.automationFramework.base.TestBase  - Navigated to URL: https://naveenautomationlabs.com/opencart/index.php?route=common/home
]]></system-out>
    <system-err><![CDATA[Starting ChromeDriver 114.0.5735.90 (386bc09e8f4f2e025eddae123f36f6263096ae49-refs/branch-heads/5735@{#1052}) on port 31773
Only local connections are allowed.
Please see https://chromedriver.chromium.org/security-considerations for suggestions on keeping ChromeDriver safe.
ChromeDriver was started successfully.
Jul. 05, 2023 2:00:40 P.M. org.openqa.selenium.remote.ProtocolHandshake createSession
INFO: Detected dialect: W3C
]]></system-err>
  </testcase>
  <testcase name="validateIsDisplayImageMoving" classname="com.naveenautomationlabs.automationFramework.tests.YourStoreTest" time="10.193"/>
  <testcase name="validateIsImageSelectedFromVisibleText" classname="com.naveenautomationlabs.automationFramework.tests.YourStoreTest" time="0.001">
    <failure message="Entered text is null." type="java.lang.IllegalArgumentException">java.lang.IllegalArgumentException: Entered text is null.
	at com.naveenautomationlabs.automationFramework.tests.YourStoreTest.validateIsImageSelectedFromVisibleText(YourStoreTest.java:56)
</failure>
    <system-out><![CDATA[2023-07-05 14:01:05 INFO  TestBase:39 - Navigating to URL: https://naveenautomationlabs.com/opencart/index.php?route=common/home
122322 [main] INFO com.naveenautomationlabs.automationFramework.base.TestBase  - Navigating to URL: https://naveenautomationlabs.com/opencart/index.php?route=common/home
2023-07-05 14:01:17 INFO  TestBase:45 - Navigated to URL: https://naveenautomationlabs.com/opencart/index.php?route=common/home
133587 [main] INFO com.naveenautomationlabs.automationFramework.base.TestBase  - Navigated to URL: https://naveenautomationlabs.com/opencart/index.php?route=common/home
]]></system-out>
    <system-err><![CDATA[Starting ChromeDriver 114.0.5735.90 (386bc09e8f4f2e025eddae123f36f6263096ae49-refs/branch-heads/5735@{#1052}) on port 46138
Only local connections are allowed.
Please see https://chromedriver.chromium.org/security-considerations for suggestions on keeping ChromeDriver safe.
ChromeDriver was started successfully.
Jul. 05, 2023 2:01:05 P.M. org.openqa.selenium.remote.ProtocolHandshake createSession
INFO: Detected dialect: W3C
]]></system-err>
  </testcase>
  <testcase name="validateItemsAddedToTheWishlist" classname="com.naveenautomationlabs.automationFramework.tests.YourStoreTest" time="0.918"/>
  <testcase name="validateLogoIsDisplayed" classname="com.naveenautomationlabs.automationFramework.tests.YourStoreTest" time="0.081"/>
  <testcase name="test" classname="com.naveenautomationlabs.automationFramework.tests.MyWishListTest" time="2.664">
    <failure type="java.util.NoSuchElementException">java.util.NoSuchElementException
	at com.naveenautomationlabs.automationFramework.tests.MyWishListTest.test(MyWishListTest.java:41)
</failure>
    <system-out><![CDATA[2023-07-05 14:01:35 INFO  TestBase:39 - Navigating to URL: https://naveenautomationlabs.com/opencart/index.php?route=common/home
152298 [main] INFO com.naveenautomationlabs.automationFramework.base.TestBase  - Navigating to URL: https://naveenautomationlabs.com/opencart/index.php?route=common/home
2023-07-05 14:01:42 INFO  TestBase:45 - Navigated to URL: https://naveenautomationlabs.com/opencart/index.php?route=common/home
158687 [main] INFO com.naveenautomationlabs.automationFramework.base.TestBase  - Navigated to URL: https://naveenautomationlabs.com/opencart/index.php?route=common/home
2023-07-05 14:01:42 INFO  TestBase:87 - Finding Element: By.cssSelector: ul.list-inline>li:nth-of-type(2) a
158897 [main] INFO com.naveenautomationlabs.automationFramework.base.TestBase  - Finding Element: By.cssSelector: ul.list-inline>li:nth-of-type(2) a
2023-07-05 14:01:42 INFO  TestBase:93 - Found Element: By.cssSelector: ul.list-inline>li:nth-of-type(2) a
158927 [main] INFO com.naveenautomationlabs.automationFramework.base.TestBase  - Found Element: By.cssSelector: ul.list-inline>li:nth-of-type(2) a
2023-07-05 14:01:42 INFO  TestBase:105 - Clicked ON: [[ChromeDriver: chrome on WINDOWS (6bfda4d4246a3d13b7ae50e6bb7446e5)] -> css selector: ul.list-inline>li:nth-of-type(2) a]
159012 [main] INFO com.naveenautomationlabs.automationFramework.base.TestBase  - Clicked ON: [[ChromeDriver: chrome on WINDOWS (6bfda4d4246a3d13b7ae50e6bb7446e5)] -> css selector: ul.list-inline>li:nth-of-type(2) a]
2023-07-05 14:01:42 INFO  TestBase:87 - Finding Element: By.cssSelector: ul.dropdown-menu  li:nth-of-type(2) a
159013 [main] INFO com.naveenautomationlabs.automationFramework.base.TestBase  - Finding Element: By.cssSelector: ul.dropdown-menu  li:nth-of-type(2) a
2023-07-05 14:01:42 INFO  TestBase:93 - Found Element: By.cssSelector: ul.dropdown-menu  li:nth-of-type(2) a
159084 [main] INFO com.naveenautomationlabs.automationFramework.base.TestBase  - Found Element: By.cssSelector: ul.dropdown-menu  li:nth-of-type(2) a
2023-07-05 14:01:43 INFO  TestBase:105 - Clicked ON: [[ChromeDriver: chrome on WINDOWS (6bfda4d4246a3d13b7ae50e6bb7446e5)] -> css selector: ul.dropdown-menu  li:nth-of-type(2) a]
159814 [main] INFO com.naveenautomationlabs.automationFramework.base.TestBase  - Clicked ON: [[ChromeDriver: chrome on WINDOWS (6bfda4d4246a3d13b7ae50e6bb7446e5)] -> css selector: ul.dropdown-menu  li:nth-of-type(2) a]
2023-07-05 14:01:43 INFO  TestBase:87 - Finding Element: By.cssSelector: input[value='Login']
159815 [main] INFO com.naveenautomationlabs.automationFramework.base.TestBase  - Finding Element: By.cssSelector: input[value='Login']
2023-07-05 14:01:43 INFO  TestBase:93 - Found Element: By.cssSelector: input[value='Login']
159914 [main] INFO com.naveenautomationlabs.automationFramework.base.TestBase  - Found Element: By.cssSelector: input[value='Login']
2023-07-05 14:01:44 INFO  TestBase:105 - Clicked ON: [[ChromeDriver: chrome on WINDOWS (6bfda4d4246a3d13b7ae50e6bb7446e5)] -> css selector: input[value='Login']]
160490 [main] INFO com.naveenautomationlabs.automationFramework.base.TestBase  - Clicked ON: [[ChromeDriver: chrome on WINDOWS (6bfda4d4246a3d13b7ae50e6bb7446e5)] -> css selector: input[value='Login']]
2023-07-05 14:01:44 INFO  TestBase:87 - Finding Element: By.cssSelector: ul.list-inline li:nth-of-type(3) span
160491 [main] INFO com.naveenautomationlabs.automationFramework.base.TestBase  - Finding Element: By.cssSelector: ul.list-inline li:nth-of-type(3) span
2023-07-05 14:01:44 INFO  TestBase:93 - Found Element: By.cssSelector: ul.list-inline li:nth-of-type(3) span
160624 [main] INFO com.naveenautomationlabs.automationFramework.base.TestBase  - Found Element: By.cssSelector: ul.list-inline li:nth-of-type(3) span
2023-07-05 14:01:45 INFO  TestBase:105 - Clicked ON: [[ChromeDriver: chrome on WINDOWS (6bfda4d4246a3d13b7ae50e6bb7446e5)] -> css selector: ul.list-inline li:nth-of-type(3) span]
161510 [main] INFO com.naveenautomationlabs.automationFramework.base.TestBase  - Clicked ON: [[ChromeDriver: chrome on WINDOWS (6bfda4d4246a3d13b7ae50e6bb7446e5)] -> css selector: ul.list-inline li:nth-of-type(3) span]
2023-07-05 14:01:45 INFO  TestBase:87 - Finding Element: By.cssSelector: table.table  thead tr td
161515 [main] INFO com.naveenautomationlabs.automationFramework.base.TestBase  - Finding Element: By.cssSelector: table.table  thead tr td
2023-07-05 14:01:45 INFO  TestBase:93 - Found Element: By.cssSelector: table.table  thead tr td
161557 [main] INFO com.naveenautomationlabs.automationFramework.base.TestBase  - Found Element: By.cssSelector: table.table  thead tr td
]]></system-out>
    <system-err><![CDATA[Starting ChromeDriver 114.0.5735.90 (386bc09e8f4f2e025eddae123f36f6263096ae49-refs/branch-heads/5735@{#1052}) on port 28175
Only local connections are allowed.
Please see https://chromedriver.chromium.org/security-considerations for suggestions on keeping ChromeDriver safe.
ChromeDriver was started successfully.
Jul. 05, 2023 2:01:35 P.M. org.openqa.selenium.remote.ProtocolHandshake createSession
INFO: Detected dialect: W3C
]]></system-err>
  </testcase>
  <testcase name="validateSearchBar" classname="com.naveenautomationlabs.automationFramework.tests.SearchIphoneTest" time="1.492"/>
</testsuite>