<?xml version="1.0" encoding="UTF-8"?>
<testsuite xmlns:xsi="http://www.w3.org/2001/XMLSchema-instance" xsi:noNamespaceSchemaLocation="https://maven.apache.org/surefire/maven-surefire-plugin/xsd/surefire-test-report.xsd" name="TestSuite" time="187.486" tests="15" errors="0" skipped="0" failures="6">
  <properties>
[...]
</properties>
  <testcase name="validateUserRegisterWithValidDetails" classname="com.naveenautomationlabs.automationFramework.tests.AccountHasBeenCreatedTest" time="6.117">
    <failure message="Unable to create account expected [Your Account Has Been Created!] but found [Register Account]" type="java.lang.AssertionError">java.lang.AssertionError: Unable to create account expected [Your Account Has Been Created!] but found [Register Account]
	at com.naveenautomationlabs.automationFramework.tests.AccountHasBeenCreatedTest.validateUserRegisterWithValidDetails(AccountHasBeenCreatedTest.java:32)
</failure>
    <system-out><![CDATA[2023-07-08 21:27:15 INFO  TestBase:39 - Navigating to URL: https://naveenautomationlabs.com/opencart/index.php?route=common/home
0 [main] INFO com.naveenautomationlabs.automationFramework.base.TestBase  - Navigating to URL: https://naveenautomationlabs.com/opencart/index.php?route=common/home
2023-07-08 21:27:21 INFO  TestBase:45 - Navigated to URL: https://naveenautomationlabs.com/opencart/index.php?route=common/home
5673 [main] INFO com.naveenautomationlabs.automationFramework.base.TestBase  - Navigated to URL: https://naveenautomationlabs.com/opencart/index.php?route=common/home
2023-07-08 21:27:21 INFO  TestBase:87 - Finding Element: By.cssSelector: ul.list-inline>li:nth-of-type(2) a
6202 [main] INFO com.naveenautomationlabs.automationFramework.base.TestBase  - Finding Element: By.cssSelector: ul.list-inline>li:nth-of-type(2) a
2023-07-08 21:27:22 INFO  TestBase:93 - Found Element: By.cssSelector: ul.list-inline>li:nth-of-type(2) a
6429 [main] INFO com.naveenautomationlabs.automationFramework.base.TestBase  - Found Element: By.cssSelector: ul.list-inline>li:nth-of-type(2) a
2023-07-08 21:27:22 INFO  TestBase:105 - Clicked ON: [[ChromeDriver: chrome on WINDOWS (f30c09dfe717d5ca60d80eee4c4e2628)] -> css selector: ul.list-inline>li:nth-of-type(2) a]
6822 [main] INFO com.naveenautomationlabs.automationFramework.base.TestBase  - Clicked ON: [[ChromeDriver: chrome on WINDOWS (f30c09dfe717d5ca60d80eee4c4e2628)] -> css selector: ul.list-inline>li:nth-of-type(2) a]
2023-07-08 21:27:22 INFO  TestBase:87 - Finding Element: By.cssSelector: ul.list-inline li:nth-of-type(2) ul>li 
6835 [main] INFO com.naveenautomationlabs.automationFramework.base.TestBase  - Finding Element: By.cssSelector: ul.list-inline li:nth-of-type(2) ul>li 
2023-07-08 21:27:22 INFO  TestBase:93 - Found Element: By.cssSelector: ul.list-inline li:nth-of-type(2) ul>li 
6902 [main] INFO com.naveenautomationlabs.automationFramework.base.TestBase  - Found Element: By.cssSelector: ul.list-inline li:nth-of-type(2) ul>li 
2023-07-08 21:27:24 INFO  TestBase:105 - Clicked ON: [[ChromeDriver: chrome on WINDOWS (f30c09dfe717d5ca60d80eee4c4e2628)] -> css selector: ul.list-inline li:nth-of-type(2) ul>li ]
8479 [main] INFO com.naveenautomationlabs.automationFramework.base.TestBase  - Clicked ON: [[ChromeDriver: chrome on WINDOWS (f30c09dfe717d5ca60d80eee4c4e2628)] -> css selector: ul.list-inline li:nth-of-type(2) ul>li ]
2023-07-08 21:27:24 INFO  TestBase:87 - Finding Element: By.cssSelector: #input-firstname
8497 [main] INFO com.naveenautomationlabs.automationFramework.base.TestBase  - Finding Element: By.cssSelector: #input-firstname
2023-07-08 21:27:24 INFO  TestBase:93 - Found Element: By.cssSelector: #input-firstname
8544 [main] INFO com.naveenautomationlabs.automationFramework.base.TestBase  - Found Element: By.cssSelector: #input-firstname
2023-07-08 21:27:25 INFO  TestBase:87 - Finding Element: By.cssSelector: #input-lastname
9556 [main] INFO com.naveenautomationlabs.automationFramework.base.TestBase  - Finding Element: By.cssSelector: #input-lastname
2023-07-08 21:27:25 INFO  TestBase:93 - Found Element: By.cssSelector: #input-lastname
9595 [main] INFO com.naveenautomationlabs.automationFramework.base.TestBase  - Found Element: By.cssSelector: #input-lastname
2023-07-08 21:27:25 INFO  TestBase:87 - Finding Element: By.cssSelector: #input-email
9877 [main] INFO com.naveenautomationlabs.automationFramework.base.TestBase  - Finding Element: By.cssSelector: #input-email
2023-07-08 21:27:25 INFO  TestBase:93 - Found Element: By.cssSelector: #input-email
9920 [main] INFO com.naveenautomationlabs.automationFramework.base.TestBase  - Found Element: By.cssSelector: #input-email
2023-07-08 21:27:25 INFO  TestBase:87 - Finding Element: By.cssSelector: #input-telephone
10092 [main] INFO com.naveenautomationlabs.automationFramework.base.TestBase  - Finding Element: By.cssSelector: #input-telephone
2023-07-08 21:27:25 INFO  TestBase:93 - Found Element: By.cssSelector: #input-telephone
10142 [main] INFO com.naveenautomationlabs.automationFramework.base.TestBase  - Found Element: By.cssSelector: #input-telephone
2023-07-08 21:27:25 INFO  TestBase:87 - Finding Element: By.cssSelector: #input-password
10337 [main] INFO com.naveenautomationlabs.automationFramework.base.TestBase  - Finding Element: By.cssSelector: #input-password
2023-07-08 21:27:26 INFO  TestBase:93 - Found Element: By.cssSelector: #input-password
10424 [main] INFO com.naveenautomationlabs.automationFramework.base.TestBase  - Found Element: By.cssSelector: #input-password
2023-07-08 21:27:26 INFO  TestBase:87 - Finding Element: By.cssSelector: #input-confirm
10548 [main] INFO com.naveenautomationlabs.automationFramework.base.TestBase  - Finding Element: By.cssSelector: #input-confirm
2023-07-08 21:27:26 INFO  TestBase:93 - Found Element: By.cssSelector: #input-confirm
10572 [main] INFO com.naveenautomationlabs.automationFramework.base.TestBase  - Found Element: By.cssSelector: #input-confirm
2023-07-08 21:27:26 INFO  TestBase:87 - Finding Element: By.xpath: (//input[@name='newsletter']) [1]
10705 [main] INFO com.naveenautomationlabs.automationFramework.base.TestBase  - Finding Element: By.xpath: (//input[@name='newsletter']) [1]
2023-07-08 21:27:26 INFO  TestBase:93 - Found Element: By.xpath: (//input[@name='newsletter']) [1]
10750 [main] INFO com.naveenautomationlabs.automationFramework.base.TestBase  - Found Element: By.xpath: (//input[@name='newsletter']) [1]
2023-07-08 21:27:26 INFO  TestBase:87 - Finding Element: By.cssSelector: input[type='checkbox']
10810 [main] INFO com.naveenautomationlabs.automationFramework.base.TestBase  - Finding Element: By.cssSelector: input[type='checkbox']
2023-07-08 21:27:26 INFO  TestBase:93 - Found Element: By.cssSelector: input[type='checkbox']
10854 [main] INFO com.naveenautomationlabs.automationFramework.base.TestBase  - Found Element: By.cssSelector: input[type='checkbox']
2023-07-08 21:27:26 INFO  TestBase:105 - Clicked ON: [[ChromeDriver: chrome on WINDOWS (f30c09dfe717d5ca60d80eee4c4e2628)] -> css selector: input[type='checkbox']]
10969 [main] INFO com.naveenautomationlabs.automationFramework.base.TestBase  - Clicked ON: [[ChromeDriver: chrome on WINDOWS (f30c09dfe717d5ca60d80eee4c4e2628)] -> css selector: input[type='checkbox']]
2023-07-08 21:27:26 INFO  TestBase:87 - Finding Element: By.cssSelector: input[type='submit']
10970 [main] INFO com.naveenautomationlabs.automationFramework.base.TestBase  - Finding Element: By.cssSelector: input[type='submit']
2023-07-08 21:27:26 INFO  TestBase:93 - Found Element: By.cssSelector: input[type='submit']
11022 [main] INFO com.naveenautomationlabs.automationFramework.base.TestBase  - Found Element: By.cssSelector: input[type='submit']
2023-07-08 21:27:27 INFO  TestBase:87 - Finding Element: By.cssSelector: #content h1
12118 [main] INFO com.naveenautomationlabs.automationFramework.base.TestBase  - Finding Element: By.cssSelector: #content h1
2023-07-08 21:27:27 INFO  TestBase:93 - Found Element: By.cssSelector: #content h1
12173 [main] INFO com.naveenautomationlabs.automationFramework.base.TestBase  - Found Element: By.cssSelector: #content h1
]]></system-out>
    <system-err><![CDATA[SLF4J: Failed to load class "org.slf4j.impl.StaticLoggerBinder".
SLF4J: Defaulting to no-operation (NOP) logger implementation
SLF4J: See http://www.slf4j.org/codes.html#StaticLoggerBinder for further details.
Starting ChromeDriver 114.0.5735.90 (386bc09e8f4f2e025eddae123f36f6263096ae49-refs/branch-heads/5735@{#1052}) on port 5155
Only local connections are allowed.
Please see https://chromedriver.chromium.org/security-considerations for suggestions on keeping ChromeDriver safe.
ChromeDriver was started successfully.
Jul. 08, 2023 9:27:15 P.M. org.openqa.selenium.remote.ProtocolHandshake createSession
INFO: Detected dialect: W3C
]]></system-err>
  </testcase>
  <testcase name="loginTest" classname="com.naveenautomationlabs.automationFramework.tests.MyAccountTest" time="2.317"/>
  <testcase name="loginTest" classname="com.naveenautomationlabs.automationFramework.tests.MyAccountTest" time="2.611"/>
  <testcase name="loginTest" classname="com.naveenautomationlabs.automationFramework.tests.MyAccountTest" time="2.423"/>
  <testcase name="loginTest" classname="com.naveenautomationlabs.automationFramework.tests.MyAccountTest" time="2.565"/>
  <testcase name="validateLoginUsingValidCredential" classname="com.naveenautomationlabs.automationFramework.tests.MyAccountTest" time="1.91">
    <failure message="You are on wrong page expected [My Account] but found [New Customer]" type="java.lang.AssertionError">java.lang.AssertionError: You are on wrong page expected [My Account] but found [New Customer]
	at com.naveenautomationlabs.automationFramework.tests.MyAccountTest.validateLoginUsingValidCredential(MyAccountTest.java:33)
</failure>
    <system-out><![CDATA[2023-07-08 21:28:19 INFO  TestBase:39 - Navigating to URL: https://naveenautomationlabs.com/opencart/index.php?route=common/home
63907 [main] INFO com.naveenautomationlabs.automationFramework.base.TestBase  - Navigating to URL: https://naveenautomationlabs.com/opencart/index.php?route=common/home
2023-07-08 21:28:27 INFO  TestBase:45 - Navigated to URL: https://naveenautomationlabs.com/opencart/index.php?route=common/home
71484 [main] INFO com.naveenautomationlabs.automationFramework.base.TestBase  - Navigated to URL: https://naveenautomationlabs.com/opencart/index.php?route=common/home
2023-07-08 21:28:27 INFO  TestBase:87 - Finding Element: By.cssSelector: ul.list-inline>li:nth-of-type(2) a
71933 [main] INFO com.naveenautomationlabs.automationFramework.base.TestBase  - Finding Element: By.cssSelector: ul.list-inline>li:nth-of-type(2) a
2023-07-08 21:28:27 INFO  TestBase:93 - Found Element: By.cssSelector: ul.list-inline>li:nth-of-type(2) a
71999 [main] INFO com.naveenautomationlabs.automationFramework.base.TestBase  - Found Element: By.cssSelector: ul.list-inline>li:nth-of-type(2) a
2023-07-08 21:28:27 INFO  TestBase:105 - Clicked ON: [[ChromeDriver: chrome on WINDOWS (488b844be9b41bb175c6af3422c7b6d4)] -> css selector: ul.list-inline>li:nth-of-type(2) a]
72236 [main] INFO com.naveenautomationlabs.automationFramework.base.TestBase  - Clicked ON: [[ChromeDriver: chrome on WINDOWS (488b844be9b41bb175c6af3422c7b6d4)] -> css selector: ul.list-inline>li:nth-of-type(2) a]
2023-07-08 21:28:27 INFO  TestBase:87 - Finding Element: By.cssSelector: ul.dropdown-menu  li:nth-of-type(2) a
72238 [main] INFO com.naveenautomationlabs.automationFramework.base.TestBase  - Finding Element: By.cssSelector: ul.dropdown-menu  li:nth-of-type(2) a
2023-07-08 21:28:27 INFO  TestBase:93 - Found Element: By.cssSelector: ul.dropdown-menu  li:nth-of-type(2) a
72272 [main] INFO com.naveenautomationlabs.automationFramework.base.TestBase  - Found Element: By.cssSelector: ul.dropdown-menu  li:nth-of-type(2) a
2023-07-08 21:28:28 INFO  TestBase:105 - Clicked ON: [[ChromeDriver: chrome on WINDOWS (488b844be9b41bb175c6af3422c7b6d4)] -> css selector: ul.dropdown-menu  li:nth-of-type(2) a]
72910 [main] INFO com.naveenautomationlabs.automationFramework.base.TestBase  - Clicked ON: [[ChromeDriver: chrome on WINDOWS (488b844be9b41bb175c6af3422c7b6d4)] -> css selector: ul.dropdown-menu  li:nth-of-type(2) a]
2023-07-08 21:28:28 INFO  TestBase:87 - Finding Element: By.cssSelector: input[value='Login']
72915 [main] INFO com.naveenautomationlabs.automationFramework.base.TestBase  - Finding Element: By.cssSelector: input[value='Login']
2023-07-08 21:28:28 INFO  TestBase:93 - Found Element: By.cssSelector: input[value='Login']
73016 [main] INFO com.naveenautomationlabs.automationFramework.base.TestBase  - Found Element: By.cssSelector: input[value='Login']
2023-07-08 21:28:29 INFO  TestBase:105 - Clicked ON: [[ChromeDriver: chrome on WINDOWS (488b844be9b41bb175c6af3422c7b6d4)] -> css selector: input[value='Login']]
73639 [main] INFO com.naveenautomationlabs.automationFramework.base.TestBase  - Clicked ON: [[ChromeDriver: chrome on WINDOWS (488b844be9b41bb175c6af3422c7b6d4)] -> css selector: input[value='Login']]
2023-07-08 21:28:29 INFO  TestBase:87 - Finding Element: By.cssSelector: #content h2
73643 [main] INFO com.naveenautomationlabs.automationFramework.base.TestBase  - Finding Element: By.cssSelector: #content h2
2023-07-08 21:28:29 INFO  TestBase:93 - Found Element: By.cssSelector: #content h2
73751 [main] INFO com.naveenautomationlabs.automationFramework.base.TestBase  - Found Element: By.cssSelector: #content h2
]]></system-out>
    <system-err><![CDATA[Starting ChromeDriver 114.0.5735.90 (386bc09e8f4f2e025eddae123f36f6263096ae49-refs/branch-heads/5735@{#1052}) on port 38268
Only local connections are allowed.
Please see https://chromedriver.chromium.org/security-considerations for suggestions on keeping ChromeDriver safe.
ChromeDriver was started successfully.
Jul. 08, 2023 9:28:19 P.M. org.openqa.selenium.remote.ProtocolHandshake createSession
INFO: Detected dialect: W3C
]]></system-err>
  </testcase>
  <testcase name="validateSideNavigationBar" classname="com.naveenautomationlabs.automationFramework.tests.MyAccountTest" time="2.219">
    <failure message="navigation option  is not clicked expected [true] but found [false]" type="java.lang.AssertionError">java.lang.AssertionError: navigation option  is not clicked expected [true] but found [false]
	at com.naveenautomationlabs.automationFramework.tests.MyAccountTest.validateSideNavigationBar(MyAccountTest.java:42)
</failure>
    <system-out><![CDATA[2023-07-08 21:28:31 INFO  TestBase:39 - Navigating to URL: https://naveenautomationlabs.com/opencart/index.php?route=common/home
76321 [main] INFO com.naveenautomationlabs.automationFramework.base.TestBase  - Navigating to URL: https://naveenautomationlabs.com/opencart/index.php?route=common/home
2023-07-08 21:28:37 INFO  TestBase:45 - Navigated to URL: https://naveenautomationlabs.com/opencart/index.php?route=common/home
81966 [main] INFO com.naveenautomationlabs.automationFramework.base.TestBase  - Navigated to URL: https://naveenautomationlabs.com/opencart/index.php?route=common/home
2023-07-08 21:28:37 INFO  TestBase:87 - Finding Element: By.cssSelector: ul.list-inline>li:nth-of-type(2) a
82218 [main] INFO com.naveenautomationlabs.automationFramework.base.TestBase  - Finding Element: By.cssSelector: ul.list-inline>li:nth-of-type(2) a
2023-07-08 21:28:37 INFO  TestBase:93 - Found Element: By.cssSelector: ul.list-inline>li:nth-of-type(2) a
82251 [main] INFO com.naveenautomationlabs.automationFramework.base.TestBase  - Found Element: By.cssSelector: ul.list-inline>li:nth-of-type(2) a
2023-07-08 21:28:37 INFO  TestBase:105 - Clicked ON: [[ChromeDriver: chrome on WINDOWS (9ae497f1cca1edb5207529869735f9c4)] -> css selector: ul.list-inline>li:nth-of-type(2) a]
82342 [main] INFO com.naveenautomationlabs.automationFramework.base.TestBase  - Clicked ON: [[ChromeDriver: chrome on WINDOWS (9ae497f1cca1edb5207529869735f9c4)] -> css selector: ul.list-inline>li:nth-of-type(2) a]
2023-07-08 21:28:37 INFO  TestBase:87 - Finding Element: By.cssSelector: ul.dropdown-menu  li:nth-of-type(2) a
82344 [main] INFO com.naveenautomationlabs.automationFramework.base.TestBase  - Finding Element: By.cssSelector: ul.dropdown-menu  li:nth-of-type(2) a
2023-07-08 21:28:38 INFO  TestBase:93 - Found Element: By.cssSelector: ul.dropdown-menu  li:nth-of-type(2) a
82426 [main] INFO com.naveenautomationlabs.automationFramework.base.TestBase  - Found Element: By.cssSelector: ul.dropdown-menu  li:nth-of-type(2) a
2023-07-08 21:28:38 INFO  TestBase:105 - Clicked ON: [[ChromeDriver: chrome on WINDOWS (9ae497f1cca1edb5207529869735f9c4)] -> css selector: ul.dropdown-menu  li:nth-of-type(2) a]
83137 [main] INFO com.naveenautomationlabs.automationFramework.base.TestBase  - Clicked ON: [[ChromeDriver: chrome on WINDOWS (9ae497f1cca1edb5207529869735f9c4)] -> css selector: ul.dropdown-menu  li:nth-of-type(2) a]
2023-07-08 21:28:38 INFO  TestBase:87 - Finding Element: By.cssSelector: input[value='Login']
83138 [main] INFO com.naveenautomationlabs.automationFramework.base.TestBase  - Finding Element: By.cssSelector: input[value='Login']
2023-07-08 21:28:38 INFO  TestBase:93 - Found Element: By.cssSelector: input[value='Login']
83193 [main] INFO com.naveenautomationlabs.automationFramework.base.TestBase  - Found Element: By.cssSelector: input[value='Login']
2023-07-08 21:28:39 INFO  TestBase:105 - Clicked ON: [[ChromeDriver: chrome on WINDOWS (9ae497f1cca1edb5207529869735f9c4)] -> css selector: input[value='Login']]
84044 [main] INFO com.naveenautomationlabs.automationFramework.base.TestBase  - Clicked ON: [[ChromeDriver: chrome on WINDOWS (9ae497f1cca1edb5207529869735f9c4)] -> css selector: input[value='Login']]
2023-07-08 21:28:39 INFO  TestBase:87 - Finding Element: By.cssSelector: div.list-group a
84046 [main] INFO com.naveenautomationlabs.automationFramework.base.TestBase  - Finding Element: By.cssSelector: div.list-group a
2023-07-08 21:28:39 INFO  TestBase:93 - Found Element: By.cssSelector: div.list-group a
84145 [main] INFO com.naveenautomationlabs.automationFramework.base.TestBase  - Found Element: By.cssSelector: div.list-group a
]]></system-out>
    <system-err><![CDATA[Starting ChromeDriver 114.0.5735.90 (386bc09e8f4f2e025eddae123f36f6263096ae49-refs/branch-heads/5735@{#1052}) on port 25632
Only local connections are allowed.
Please see https://chromedriver.chromium.org/security-considerations for suggestions on keeping ChromeDriver safe.
ChromeDriver was started successfully.
Jul. 08, 2023 9:28:31 P.M. org.openqa.selenium.remote.ProtocolHandshake createSession
INFO: Detected dialect: W3C
]]></system-err>
  </testcase>
  <testcase name="validateUserRegisterWithAlreadyRegisteredEmail" classname="com.naveenautomationlabs.automationFramework.tests.RegisterAccountTest" time="4.574"/>
  <testcase name="failedTestCaseExample" classname="com.naveenautomationlabs.automationFramework.tests.YourStoreTest" time="0">
    <failure message="expected [Kaur] but found [Manpreet]" type="java.lang.AssertionError">java.lang.AssertionError: expected [Kaur] but found [Manpreet]
	at com.naveenautomationlabs.automationFramework.tests.YourStoreTest.failedTestCaseExample(YourStoreTest.java:33)
</failure>
    <system-out><![CDATA[2023-07-08 21:28:54 INFO  TestBase:39 - Navigating to URL: https://naveenautomationlabs.com/opencart/index.php?route=common/home
98739 [main] INFO com.naveenautomationlabs.automationFramework.base.TestBase  - Navigating to URL: https://naveenautomationlabs.com/opencart/index.php?route=common/home
2023-07-08 21:28:59 INFO  TestBase:45 - Navigated to URL: https://naveenautomationlabs.com/opencart/index.php?route=common/home
104354 [main] INFO com.naveenautomationlabs.automationFramework.base.TestBase  - Navigated to URL: https://naveenautomationlabs.com/opencart/index.php?route=common/home
]]></system-out>
    <system-err><![CDATA[Starting ChromeDriver 114.0.5735.90 (386bc09e8f4f2e025eddae123f36f6263096ae49-refs/branch-heads/5735@{#1052}) on port 42886
Only local connections are allowed.
Please see https://chromedriver.chromium.org/security-considerations for suggestions on keeping ChromeDriver safe.
ChromeDriver was started successfully.
Jul. 08, 2023 9:28:54 P.M. org.openqa.selenium.remote.ProtocolHandshake createSession
INFO: Detected dialect: W3C
]]></system-err>
  </testcase>
  <testcase name="validateIsDisplayImageMoving" classname="com.naveenautomationlabs.automationFramework.tests.YourStoreTest" time="10.389"/>
  <testcase name="validateIsImageSelectedFromVisibleText" classname="com.naveenautomationlabs.automationFramework.tests.YourStoreTest" time="0.001">
    <failure message="Entered text is null." type="java.lang.IllegalArgumentException">java.lang.IllegalArgumentException: Entered text is null.
	at com.naveenautomationlabs.automationFramework.tests.YourStoreTest.validateIsImageSelectedFromVisibleText(YourStoreTest.java:56)
</failure>
    <system-out><![CDATA[2023-07-08 21:29:20 INFO  TestBase:39 - Navigating to URL: https://naveenautomationlabs.com/opencart/index.php?route=common/home
124441 [main] INFO com.naveenautomationlabs.automationFramework.base.TestBase  - Navigating to URL: https://naveenautomationlabs.com/opencart/index.php?route=common/home
2023-07-08 21:29:25 INFO  TestBase:45 - Navigated to URL: https://naveenautomationlabs.com/opencart/index.php?route=common/home
130232 [main] INFO com.naveenautomationlabs.automationFramework.base.TestBase  - Navigated to URL: https://naveenautomationlabs.com/opencart/index.php?route=common/home
]]></system-out>
    <system-err><![CDATA[Starting ChromeDriver 114.0.5735.90 (386bc09e8f4f2e025eddae123f36f6263096ae49-refs/branch-heads/5735@{#1052}) on port 18308
Only local connections are allowed.
Please see https://chromedriver.chromium.org/security-considerations for suggestions on keeping ChromeDriver safe.
ChromeDriver was started successfully.
Jul. 08, 2023 9:29:20 P.M. org.openqa.selenium.remote.ProtocolHandshake createSession
INFO: Detected dialect: W3C
]]></system-err>
  </testcase>
  <testcase name="validateItemsAddedToTheWishlist" classname="com.naveenautomationlabs.automationFramework.tests.YourStoreTest" time="0.911"/>
  <testcase name="validateLogoIsDisplayed" classname="com.naveenautomationlabs.automationFramework.tests.YourStoreTest" time="0.078"/>
  <testcase name="test" classname="com.naveenautomationlabs.automationFramework.tests.MyWishListTest" time="3.103">
    <failure type="java.util.NoSuchElementException">java.util.NoSuchElementException
	at com.naveenautomationlabs.automationFramework.tests.MyWishListTest.test(MyWishListTest.java:41)
</failure>
    <system-out><![CDATA[2023-07-08 21:29:43 INFO  TestBase:39 - Navigating to URL: https://naveenautomationlabs.com/opencart/index.php?route=common/home
148299 [main] INFO com.naveenautomationlabs.automationFramework.base.TestBase  - Navigating to URL: https://naveenautomationlabs.com/opencart/index.php?route=common/home
2023-07-08 21:29:51 INFO  TestBase:45 - Navigated to URL: https://naveenautomationlabs.com/opencart/index.php?route=common/home
155500 [main] INFO com.naveenautomationlabs.automationFramework.base.TestBase  - Navigated to URL: https://naveenautomationlabs.com/opencart/index.php?route=common/home
2023-07-08 21:29:51 INFO  TestBase:87 - Finding Element: By.cssSelector: ul.list-inline>li:nth-of-type(2) a
155698 [main] INFO com.naveenautomationlabs.automationFramework.base.TestBase  - Finding Element: By.cssSelector: ul.list-inline>li:nth-of-type(2) a
2023-07-08 21:29:51 INFO  TestBase:93 - Found Element: By.cssSelector: ul.list-inline>li:nth-of-type(2) a
155755 [main] INFO com.naveenautomationlabs.automationFramework.base.TestBase  - Found Element: By.cssSelector: ul.list-inline>li:nth-of-type(2) a
2023-07-08 21:29:51 INFO  TestBase:105 - Clicked ON: [[ChromeDriver: chrome on WINDOWS (0652c26c34b1037a289e6258fbf661e6)] -> css selector: ul.list-inline>li:nth-of-type(2) a]
155839 [main] INFO com.naveenautomationlabs.automationFramework.base.TestBase  - Clicked ON: [[ChromeDriver: chrome on WINDOWS (0652c26c34b1037a289e6258fbf661e6)] -> css selector: ul.list-inline>li:nth-of-type(2) a]
2023-07-08 21:29:51 INFO  TestBase:87 - Finding Element: By.cssSelector: ul.dropdown-menu  li:nth-of-type(2) a
155842 [main] INFO com.naveenautomationlabs.automationFramework.base.TestBase  - Finding Element: By.cssSelector: ul.dropdown-menu  li:nth-of-type(2) a
2023-07-08 21:29:51 INFO  TestBase:93 - Found Element: By.cssSelector: ul.dropdown-menu  li:nth-of-type(2) a
156037 [main] INFO com.naveenautomationlabs.automationFramework.base.TestBase  - Found Element: By.cssSelector: ul.dropdown-menu  li:nth-of-type(2) a
2023-07-08 21:29:52 INFO  TestBase:105 - Clicked ON: [[ChromeDriver: chrome on WINDOWS (0652c26c34b1037a289e6258fbf661e6)] -> css selector: ul.dropdown-menu  li:nth-of-type(2) a]
156753 [main] INFO com.naveenautomationlabs.automationFramework.base.TestBase  - Clicked ON: [[ChromeDriver: chrome on WINDOWS (0652c26c34b1037a289e6258fbf661e6)] -> css selector: ul.dropdown-menu  li:nth-of-type(2) a]
2023-07-08 21:29:52 INFO  TestBase:87 - Finding Element: By.cssSelector: input[value='Login']
156754 [main] INFO com.naveenautomationlabs.automationFramework.base.TestBase  - Finding Element: By.cssSelector: input[value='Login']
2023-07-08 21:29:52 INFO  TestBase:93 - Found Element: By.cssSelector: input[value='Login']
156820 [main] INFO com.naveenautomationlabs.automationFramework.base.TestBase  - Found Element: By.cssSelector: input[value='Login']
2023-07-08 21:29:53 INFO  TestBase:105 - Clicked ON: [[ChromeDriver: chrome on WINDOWS (0652c26c34b1037a289e6258fbf661e6)] -> css selector: input[value='Login']]
157695 [main] INFO com.naveenautomationlabs.automationFramework.base.TestBase  - Clicked ON: [[ChromeDriver: chrome on WINDOWS (0652c26c34b1037a289e6258fbf661e6)] -> css selector: input[value='Login']]
2023-07-08 21:29:53 INFO  TestBase:87 - Finding Element: By.cssSelector: ul.list-inline li:nth-of-type(3) span
157696 [main] INFO com.naveenautomationlabs.automationFramework.base.TestBase  - Finding Element: By.cssSelector: ul.list-inline li:nth-of-type(3) span
2023-07-08 21:29:53 INFO  TestBase:93 - Found Element: By.cssSelector: ul.list-inline li:nth-of-type(3) span
157760 [main] INFO com.naveenautomationlabs.automationFramework.base.TestBase  - Found Element: By.cssSelector: ul.list-inline li:nth-of-type(3) span
2023-07-08 21:29:54 INFO  TestBase:105 - Clicked ON: [[ChromeDriver: chrome on WINDOWS (0652c26c34b1037a289e6258fbf661e6)] -> css selector: ul.list-inline li:nth-of-type(3) span]
158704 [main] INFO com.naveenautomationlabs.automationFramework.base.TestBase  - Clicked ON: [[ChromeDriver: chrome on WINDOWS (0652c26c34b1037a289e6258fbf661e6)] -> css selector: ul.list-inline li:nth-of-type(3) span]
2023-07-08 21:29:54 INFO  TestBase:87 - Finding Element: By.cssSelector: table.table  thead tr td
158735 [main] INFO com.naveenautomationlabs.automationFramework.base.TestBase  - Finding Element: By.cssSelector: table.table  thead tr td
2023-07-08 21:29:54 INFO  TestBase:93 - Found Element: By.cssSelector: table.table  thead tr td
158795 [main] INFO com.naveenautomationlabs.automationFramework.base.TestBase  - Found Element: By.cssSelector: table.table  thead tr td
]]></system-out>
    <system-err><![CDATA[Starting ChromeDriver 114.0.5735.90 (386bc09e8f4f2e025eddae123f36f6263096ae49-refs/branch-heads/5735@{#1052}) on port 7129
Only local connections are allowed.
Please see https://chromedriver.chromium.org/security-considerations for suggestions on keeping ChromeDriver safe.
ChromeDriver was started successfully.
Jul. 08, 2023 9:29:43 P.M. org.openqa.selenium.remote.ProtocolHandshake createSession
INFO: Detected dialect: W3C
]]></system-err>
  </testcase>
  <testcase name="validateSearchBar" classname="com.naveenautomationlabs.automationFramework.tests.SearchIphoneTest" time="1.298"/>
</testsuite>