<?xml version="1.0" encoding="UTF-8"?>
<testng-results retried="5" ignored="0" total="19" passed="9" failed="5" skipped="0">
  <reporter-output>
  </reporter-output>
  <suite started-at="2023-07-09T00:20:08 EDT" name="Suite" finished-at="2023-07-09T00:24:13 EDT" duration-ms="245579">
    <groups>
    </groups>
    <test started-at="2023-07-09T00:20:08 EDT" name="Test" finished-at="2023-07-09T00:24:13 EDT" duration-ms="245579">
      <class name="com.naveenautomationlabs.automationFramework.tests.RegisterAccountTest">
        <test-method is-config="true" signature="setUpLogger()[pri:0, instance:com.naveenautomationlabs.automationFramework.tests.RegisterAccountTest@7c37508a]" started-at="2023-07-09T00:23:17 EDT" name="setUpLogger" finished-at="2023-07-09T00:23:17 EDT" duration-ms="5" status="PASS">
          <reporter-output>
          </reporter-output>
        </test-method> <!-- setUpLogger -->
        <test-method is-config="true" signature="setUp()[pri:0, instance:com.naveenautomationlabs.automationFramework.tests.RegisterAccountTest@7c37508a]" started-at="2023-07-09T00:23:17 EDT" name="setUp" finished-at="2023-07-09T00:23:27 EDT" duration-ms="10191" status="PASS">
          <reporter-output>
          </reporter-output>
        </test-method> <!-- setUp -->
        <test-method signature="validateUserRegisterWithAlreadyRegisteredEmail()[pri:0, instance:com.naveenautomationlabs.automationFramework.tests.RegisterAccountTest@7c37508a]" started-at="2023-07-09T00:23:27 EDT" name="validateUserRegisterWithAlreadyRegisteredEmail" finished-at="2023-07-09T00:23:32 EDT" duration-ms="5608" status="PASS">
          <reporter-output>
          </reporter-output>
        </test-method> <!-- validateUserRegisterWithAlreadyRegisteredEmail -->
        <test-method is-config="true" signature="quit()[pri:0, instance:com.naveenautomationlabs.automationFramework.tests.RegisterAccountTest@7c37508a]" started-at="2023-07-09T00:23:32 EDT" name="quit" finished-at="2023-07-09T00:23:33 EDT" duration-ms="572" status="PASS">
          <reporter-output>
          </reporter-output>
        </test-method> <!-- quit -->
      </class> <!-- com.naveenautomationlabs.automationFramework.tests.RegisterAccountTest -->
      <class name="com.naveenautomationlabs.automationFramework.tests.YourStoreTest">
        <test-method is-config="true" signature="setUpLogger()[pri:0, instance:com.naveenautomationlabs.automationFramework.tests.YourStoreTest@451001e5]" started-at="2023-07-09T00:20:08 EDT" name="setUpLogger" finished-at="2023-07-09T00:20:08 EDT" duration-ms="73" status="PASS">
          <reporter-output>
          </reporter-output>
        </test-method> <!-- setUpLogger -->
        <test-method is-config="true" signature="setUp()[pri:0, instance:com.naveenautomationlabs.automationFramework.tests.YourStoreTest@451001e5]" started-at="2023-07-09T00:20:08 EDT" name="setUp" finished-at="2023-07-09T00:20:18 EDT" duration-ms="9521" status="PASS">
          <reporter-output>
          </reporter-output>
        </test-method> <!-- setUp -->
        <test-method retried="true" signature="failedTestCaseExample()[pri:0, instance:com.naveenautomationlabs.automationFramework.tests.YourStoreTest@451001e5]" started-at="2023-07-09T00:20:18 EDT" name="failedTestCaseExample" finished-at="2023-07-09T00:20:18 EDT" duration-ms="13" status="SKIP">
          <exception class="java.lang.AssertionError">
            <message>
              <![CDATA[expected [Kaur] but found [Manpreet]]]>
            </message>
            <full-stacktrace>
              <![CDATA[java.lang.AssertionError: expected [Kaur] but found [Manpreet]
at org.testng.Assert.fail(Assert.java:99)
at org.testng.Assert.failNotEquals(Assert.java:1037)
at org.testng.Assert.assertEqualsImpl(Assert.java:140)
at org.testng.Assert.assertEquals(Assert.java:122)
at org.testng.Assert.assertEquals(Assert.java:629)
at org.testng.Assert.assertEquals(Assert.java:639)
at com.naveenautomationlabs.automationFramework.tests.YourStoreTest.failedTestCaseExample(YourStoreTest.java:33)
at java.base/jdk.internal.reflect.NativeMethodAccessorImpl.invoke0(Native Method)
at java.base/jdk.internal.reflect.NativeMethodAccessorImpl.invoke(NativeMethodAccessorImpl.java:77)
at java.base/jdk.internal.reflect.DelegatingMethodAccessorImpl.invoke(DelegatingMethodAccessorImpl.java:43)
at java.base/java.lang.reflect.Method.invoke(Method.java:568)
at org.testng.internal.MethodInvocationHelper.invokeMethod(MethodInvocationHelper.java:133)
at org.testng.internal.TestInvoker.invokeMethod(TestInvoker.java:598)
at org.testng.internal.TestInvoker.invokeTestMethod(TestInvoker.java:173)
at org.testng.internal.MethodRunner.runInSequence(MethodRunner.java:46)
at org.testng.internal.TestInvoker$MethodInvocationAgent.invoke(TestInvoker.java:824)
at org.testng.internal.TestInvoker.invokeTestMethods(TestInvoker.java:146)
at org.testng.internal.TestMethodWorker.invokeTestMethods(TestMethodWorker.java:146)
at org.testng.internal.TestMethodWorker.run(TestMethodWorker.java:128)
at java.base/java.util.ArrayList.forEach(ArrayList.java:1511)
at org.testng.TestRunner.privateRun(TestRunner.java:794)
at org.testng.TestRunner.run(TestRunner.java:596)
at org.testng.SuiteRunner.runTest(SuiteRunner.java:377)
at org.testng.SuiteRunner.runSequentially(SuiteRunner.java:371)
at org.testng.SuiteRunner.privateRun(SuiteRunner.java:332)
at org.testng.SuiteRunner.run(SuiteRunner.java:276)
at org.testng.SuiteRunnerWorker.runSuite(SuiteRunnerWorker.java:53)
at org.testng.SuiteRunnerWorker.run(SuiteRunnerWorker.java:96)
at org.testng.TestNG.runSuitesSequentially(TestNG.java:1212)
at org.testng.TestNG.runSuitesLocally(TestNG.java:1134)
at org.testng.TestNG.runSuites(TestNG.java:1063)
at org.testng.TestNG.run(TestNG.java:1031)
at org.testng.remote.AbstractRemoteTestNG.run(AbstractRemoteTestNG.java:115)
at org.testng.remote.RemoteTestNG.initAndRun(RemoteTestNG.java:251)
at org.testng.remote.RemoteTestNG.main(RemoteTestNG.java:77)
]]>
            </full-stacktrace>
          </exception> <!-- java.lang.AssertionError -->
          <reporter-output>
          </reporter-output>
        </test-method> <!-- failedTestCaseExample -->
        <test-method is-config="true" signature="quit()[pri:0, instance:com.naveenautomationlabs.automationFramework.tests.YourStoreTest@451001e5]" started-at="2023-07-09T00:20:18 EDT" name="quit" finished-at="2023-07-09T00:20:18 EDT" duration-ms="256" status="PASS">
          <reporter-output>
          </reporter-output>
        </test-method> <!-- quit -->
        <test-method is-config="true" signature="setUp()[pri:0, instance:com.naveenautomationlabs.automationFramework.tests.YourStoreTest@451001e5]" started-at="2023-07-09T00:20:18 EDT" name="setUp" finished-at="2023-07-09T00:20:25 EDT" duration-ms="6739" status="PASS">
          <reporter-output>
          </reporter-output>
        </test-method> <!-- setUp -->
        <test-method signature="failedTestCaseExample()[pri:0, instance:com.naveenautomationlabs.automationFramework.tests.YourStoreTest@451001e5]" started-at="2023-07-09T00:20:25 EDT" name="failedTestCaseExample" finished-at="2023-07-09T00:20:25 EDT" duration-ms="4" status="FAIL">
          <exception class="java.lang.AssertionError">
            <message>
              <![CDATA[expected [Kaur] but found [Manpreet]]]>
            </message>
            <full-stacktrace>
              <![CDATA[java.lang.AssertionError: expected [Kaur] but found [Manpreet]
at org.testng.Assert.fail(Assert.java:99)
at org.testng.Assert.failNotEquals(Assert.java:1037)
at org.testng.Assert.assertEqualsImpl(Assert.java:140)
at org.testng.Assert.assertEquals(Assert.java:122)
at org.testng.Assert.assertEquals(Assert.java:629)
at org.testng.Assert.assertEquals(Assert.java:639)
at com.naveenautomationlabs.automationFramework.tests.YourStoreTest.failedTestCaseExample(YourStoreTest.java:33)
at java.base/jdk.internal.reflect.NativeMethodAccessorImpl.invoke0(Native Method)
at java.base/jdk.internal.reflect.NativeMethodAccessorImpl.invoke(NativeMethodAccessorImpl.java:77)
at java.base/jdk.internal.reflect.DelegatingMethodAccessorImpl.invoke(DelegatingMethodAccessorImpl.java:43)
at java.base/java.lang.reflect.Method.invoke(Method.java:568)
at org.testng.internal.MethodInvocationHelper.invokeMethod(MethodInvocationHelper.java:133)
at org.testng.internal.TestInvoker.invokeMethod(TestInvoker.java:598)
at org.testng.internal.TestInvoker.retryFailed(TestInvoker.java:213)
at org.testng.internal.MethodRunner.runInSequence(MethodRunner.java:58)
at org.testng.internal.TestInvoker$MethodInvocationAgent.invoke(TestInvoker.java:824)
at org.testng.internal.TestInvoker.invokeTestMethods(TestInvoker.java:146)
at org.testng.internal.TestMethodWorker.invokeTestMethods(TestMethodWorker.java:146)
at org.testng.internal.TestMethodWorker.run(TestMethodWorker.java:128)
at java.base/java.util.ArrayList.forEach(ArrayList.java:1511)
at org.testng.TestRunner.privateRun(TestRunner.java:794)
at org.testng.TestRunner.run(TestRunner.java:596)
at org.testng.SuiteRunner.runTest(SuiteRunner.java:377)
at org.testng.SuiteRunner.runSequentially(SuiteRunner.java:371)
at org.testng.SuiteRunner.privateRun(SuiteRunner.java:332)
at org.testng.SuiteRunner.run(SuiteRunner.java:276)
at org.testng.SuiteRunnerWorker.runSuite(SuiteRunnerWorker.java:53)
at org.testng.SuiteRunnerWorker.run(SuiteRunnerWorker.java:96)
at org.testng.TestNG.runSuitesSequentially(TestNG.java:1212)
at org.testng.TestNG.runSuitesLocally(TestNG.java:1134)
at org.testng.TestNG.runSuites(TestNG.java:1063)
at org.testng.TestNG.run(TestNG.java:1031)
at org.testng.remote.AbstractRemoteTestNG.run(AbstractRemoteTestNG.java:115)
at org.testng.remote.RemoteTestNG.initAndRun(RemoteTestNG.java:251)
at org.testng.remote.RemoteTestNG.main(RemoteTestNG.java:77)
]]>
            </full-stacktrace>
          </exception> <!-- java.lang.AssertionError -->
          <reporter-output>
          </reporter-output>
        </test-method> <!-- failedTestCaseExample -->
        <test-method is-config="true" signature="quit()[pri:0, instance:com.naveenautomationlabs.automationFramework.tests.YourStoreTest@451001e5]" started-at="2023-07-09T00:20:25 EDT" name="quit" finished-at="2023-07-09T00:20:26 EDT" duration-ms="628" status="PASS">
          <reporter-output>
          </reporter-output>
        </test-method> <!-- quit -->
        <test-method is-config="true" signature="setUp()[pri:0, instance:com.naveenautomationlabs.automationFramework.tests.YourStoreTest@451001e5]" started-at="2023-07-09T00:20:26 EDT" name="setUp" finished-at="2023-07-09T00:20:33 EDT" duration-ms="6987" status="PASS">
          <reporter-output>
          </reporter-output>
        </test-method> <!-- setUp -->
        <test-method signature="validateIsDisplayImageMoving()[pri:0, instance:com.naveenautomationlabs.automationFramework.tests.YourStoreTest@451001e5]" started-at="2023-07-09T00:20:33 EDT" name="validateIsDisplayImageMoving" finished-at="2023-07-09T00:20:43 EDT" duration-ms="10372" status="PASS">
          <reporter-output>
          </reporter-output>
        </test-method> <!-- validateIsDisplayImageMoving -->
        <test-method is-config="true" signature="quit()[pri:0, instance:com.naveenautomationlabs.automationFramework.tests.YourStoreTest@451001e5]" started-at="2023-07-09T00:20:43 EDT" name="quit" finished-at="2023-07-09T00:20:43 EDT" duration-ms="245" status="PASS">
          <reporter-output>
          </reporter-output>
        </test-method> <!-- quit -->
        <test-method is-config="true" signature="setUp()[pri:0, instance:com.naveenautomationlabs.automationFramework.tests.YourStoreTest@451001e5]" started-at="2023-07-09T00:20:43 EDT" name="setUp" finished-at="2023-07-09T00:20:51 EDT" duration-ms="7829" status="PASS">
          <reporter-output>
          </reporter-output>
        </test-method> <!-- setUp -->
        <test-method retried="true" signature="validateIsImageSelectedFromVisibleText()[pri:0, instance:com.naveenautomationlabs.automationFramework.tests.YourStoreTest@451001e5]" started-at="2023-07-09T00:20:51 EDT" name="validateIsImageSelectedFromVisibleText" finished-at="2023-07-09T00:20:51 EDT" duration-ms="3" status="SKIP">
          <exception class="java.lang.IllegalArgumentException">
            <message>
              <![CDATA[Entered text is null.]]>
            </message>
            <full-stacktrace>
              <![CDATA[java.lang.IllegalArgumentException: Entered text is null.
at com.naveenautomationlabs.automationFramework.pages.YourStore.selectItemFromText(YourStore.java:111)
at com.naveenautomationlabs.automationFramework.tests.YourStoreTest.validateIsImageSelectedFromVisibleText(YourStoreTest.java:56)
at java.base/jdk.internal.reflect.NativeMethodAccessorImpl.invoke0(Native Method)
at java.base/jdk.internal.reflect.NativeMethodAccessorImpl.invoke(NativeMethodAccessorImpl.java:77)
at java.base/jdk.internal.reflect.DelegatingMethodAccessorImpl.invoke(DelegatingMethodAccessorImpl.java:43)
at java.base/java.lang.reflect.Method.invoke(Method.java:568)
at org.testng.internal.MethodInvocationHelper.invokeMethod(MethodInvocationHelper.java:133)
at org.testng.internal.TestInvoker.invokeMethod(TestInvoker.java:598)
at org.testng.internal.TestInvoker.invokeTestMethod(TestInvoker.java:173)
at org.testng.internal.MethodRunner.runInSequence(MethodRunner.java:46)
at org.testng.internal.TestInvoker$MethodInvocationAgent.invoke(TestInvoker.java:824)
at org.testng.internal.TestInvoker.invokeTestMethods(TestInvoker.java:146)
at org.testng.internal.TestMethodWorker.invokeTestMethods(TestMethodWorker.java:146)
at org.testng.internal.TestMethodWorker.run(TestMethodWorker.java:128)
at java.base/java.util.ArrayList.forEach(ArrayList.java:1511)
at org.testng.TestRunner.privateRun(TestRunner.java:794)
at org.testng.TestRunner.run(TestRunner.java:596)
at org.testng.SuiteRunner.runTest(SuiteRunner.java:377)
at org.testng.SuiteRunner.runSequentially(SuiteRunner.java:371)
at org.testng.SuiteRunner.privateRun(SuiteRunner.java:332)
at org.testng.SuiteRunner.run(SuiteRunner.java:276)
at org.testng.SuiteRunnerWorker.runSuite(SuiteRunnerWorker.java:53)
at org.testng.SuiteRunnerWorker.run(SuiteRunnerWorker.java:96)
at org.testng.TestNG.runSuitesSequentially(TestNG.java:1212)
at org.testng.TestNG.runSuitesLocally(TestNG.java:1134)
at org.testng.TestNG.runSuites(TestNG.java:1063)
at org.testng.TestNG.run(TestNG.java:1031)
at org.testng.remote.AbstractRemoteTestNG.run(AbstractRemoteTestNG.java:115)
at org.testng.remote.RemoteTestNG.initAndRun(RemoteTestNG.java:251)
at org.testng.remote.RemoteTestNG.main(RemoteTestNG.java:77)
]]>
            </full-stacktrace>
          </exception> <!-- java.lang.IllegalArgumentException -->
          <reporter-output>
          </reporter-output>
        </test-method> <!-- validateIsImageSelectedFromVisibleText -->
        <test-method is-config="true" signature="quit()[pri:0, instance:com.naveenautomationlabs.automationFramework.tests.YourStoreTest@451001e5]" started-at="2023-07-09T00:20:51 EDT" name="quit" finished-at="2023-07-09T00:20:52 EDT" duration-ms="286" status="PASS">
          <reporter-output>
          </reporter-output>
        </test-method> <!-- quit -->
        <test-method is-config="true" signature="setUp()[pri:0, instance:com.naveenautomationlabs.automationFramework.tests.YourStoreTest@451001e5]" started-at="2023-07-09T00:20:52 EDT" name="setUp" finished-at="2023-07-09T00:20:59 EDT" duration-ms="7380" status="PASS">
          <reporter-output>
          </reporter-output>
        </test-method> <!-- setUp -->
        <test-method signature="validateIsImageSelectedFromVisibleText()[pri:0, instance:com.naveenautomationlabs.automationFramework.tests.YourStoreTest@451001e5]" started-at="2023-07-09T00:20:59 EDT" name="validateIsImageSelectedFromVisibleText" finished-at="2023-07-09T00:20:59 EDT" duration-ms="3" status="FAIL">
          <exception class="java.lang.IllegalArgumentException">
            <message>
              <![CDATA[Entered text is null.]]>
            </message>
            <full-stacktrace>
              <![CDATA[java.lang.IllegalArgumentException: Entered text is null.
at com.naveenautomationlabs.automationFramework.pages.YourStore.selectItemFromText(YourStore.java:111)
at com.naveenautomationlabs.automationFramework.tests.YourStoreTest.validateIsImageSelectedFromVisibleText(YourStoreTest.java:56)
at java.base/jdk.internal.reflect.NativeMethodAccessorImpl.invoke0(Native Method)
at java.base/jdk.internal.reflect.NativeMethodAccessorImpl.invoke(NativeMethodAccessorImpl.java:77)
at java.base/jdk.internal.reflect.DelegatingMethodAccessorImpl.invoke(DelegatingMethodAccessorImpl.java:43)
at java.base/java.lang.reflect.Method.invoke(Method.java:568)
at org.testng.internal.MethodInvocationHelper.invokeMethod(MethodInvocationHelper.java:133)
at org.testng.internal.TestInvoker.invokeMethod(TestInvoker.java:598)
at org.testng.internal.TestInvoker.retryFailed(TestInvoker.java:213)
at org.testng.internal.MethodRunner.runInSequence(MethodRunner.java:58)
at org.testng.internal.TestInvoker$MethodInvocationAgent.invoke(TestInvoker.java:824)
at org.testng.internal.TestInvoker.invokeTestMethods(TestInvoker.java:146)
at org.testng.internal.TestMethodWorker.invokeTestMethods(TestMethodWorker.java:146)
at org.testng.internal.TestMethodWorker.run(TestMethodWorker.java:128)
at java.base/java.util.ArrayList.forEach(ArrayList.java:1511)
at org.testng.TestRunner.privateRun(TestRunner.java:794)
at org.testng.TestRunner.run(TestRunner.java:596)
at org.testng.SuiteRunner.runTest(SuiteRunner.java:377)
at org.testng.SuiteRunner.runSequentially(SuiteRunner.java:371)
at org.testng.SuiteRunner.privateRun(SuiteRunner.java:332)
at org.testng.SuiteRunner.run(SuiteRunner.java:276)
at org.testng.SuiteRunnerWorker.runSuite(SuiteRunnerWorker.java:53)
at org.testng.SuiteRunnerWorker.run(SuiteRunnerWorker.java:96)
at org.testng.TestNG.runSuitesSequentially(TestNG.java:1212)
at org.testng.TestNG.runSuitesLocally(TestNG.java:1134)
at org.testng.TestNG.runSuites(TestNG.java:1063)
at org.testng.TestNG.run(TestNG.java:1031)
at org.testng.remote.AbstractRemoteTestNG.run(AbstractRemoteTestNG.java:115)
at org.testng.remote.RemoteTestNG.initAndRun(RemoteTestNG.java:251)
at org.testng.remote.RemoteTestNG.main(RemoteTestNG.java:77)
]]>
            </full-stacktrace>
          </exception> <!-- java.lang.IllegalArgumentException -->
          <reporter-output>
          </reporter-output>
        </test-method> <!-- validateIsImageSelectedFromVisibleText -->
        <test-method is-config="true" signature="quit()[pri:0, instance:com.naveenautomationlabs.automationFramework.tests.YourStoreTest@451001e5]" started-at="2023-07-09T00:20:59 EDT" name="quit" finished-at="2023-07-09T00:20:59 EDT" duration-ms="219" status="PASS">
          <reporter-output>
          </reporter-output>
        </test-method> <!-- quit -->
        <test-method is-config="true" signature="setUp()[pri:0, instance:com.naveenautomationlabs.automationFramework.tests.YourStoreTest@451001e5]" started-at="2023-07-09T00:20:59 EDT" name="setUp" finished-at="2023-07-09T00:21:08 EDT" duration-ms="8669" status="PASS">
          <reporter-output>
          </reporter-output>
        </test-method> <!-- setUp -->
        <test-method signature="validateItemsAddedToTheWishlist()[pri:0, instance:com.naveenautomationlabs.automationFramework.tests.YourStoreTest@451001e5]" started-at="2023-07-09T00:21:08 EDT" name="validateItemsAddedToTheWishlist" finished-at="2023-07-09T00:21:09 EDT" duration-ms="950" status="PASS">
          <reporter-output>
          </reporter-output>
        </test-method> <!-- validateItemsAddedToTheWishlist -->
        <test-method is-config="true" signature="quit()[pri:0, instance:com.naveenautomationlabs.automationFramework.tests.YourStoreTest@451001e5]" started-at="2023-07-09T00:21:09 EDT" name="quit" finished-at="2023-07-09T00:21:09 EDT" duration-ms="199" status="PASS">
          <reporter-output>
          </reporter-output>
        </test-method> <!-- quit -->
        <test-method is-config="true" signature="setUp()[pri:0, instance:com.naveenautomationlabs.automationFramework.tests.YourStoreTest@451001e5]" started-at="2023-07-09T00:21:09 EDT" name="setUp" finished-at="2023-07-09T00:21:16 EDT" duration-ms="6946" status="PASS">
          <reporter-output>
          </reporter-output>
        </test-method> <!-- setUp -->
        <test-method signature="validateLogoIsDisplayed()[pri:0, instance:com.naveenautomationlabs.automationFramework.tests.YourStoreTest@451001e5]" started-at="2023-07-09T00:21:16 EDT" name="validateLogoIsDisplayed" finished-at="2023-07-09T00:21:16 EDT" duration-ms="72" status="PASS">
          <reporter-output>
          </reporter-output>
        </test-method> <!-- validateLogoIsDisplayed -->
        <test-method is-config="true" signature="quit()[pri:0, instance:com.naveenautomationlabs.automationFramework.tests.YourStoreTest@451001e5]" started-at="2023-07-09T00:21:16 EDT" name="quit" finished-at="2023-07-09T00:21:16 EDT" duration-ms="274" status="PASS">
          <reporter-output>
          </reporter-output>
        </test-method> <!-- quit -->
      </class> <!-- com.naveenautomationlabs.automationFramework.tests.YourStoreTest -->
      <class name="com.naveenautomationlabs.automationFramework.tests.MyAccountTest">
        <test-method is-config="true" signature="setUpLogger()[pri:0, instance:com.naveenautomationlabs.automationFramework.tests.MyAccountTest@6be968ce]" started-at="2023-07-09T00:21:16 EDT" name="setUpLogger" finished-at="2023-07-09T00:21:16 EDT" duration-ms="3" status="PASS">
          <reporter-output>
          </reporter-output>
        </test-method> <!-- setUpLogger -->
        <test-method is-config="true" signature="setUp()[pri:0, instance:com.naveenautomationlabs.automationFramework.tests.MyAccountTest@6be968ce]" started-at="2023-07-09T00:21:18 EDT" name="setUp" finished-at="2023-07-09T00:21:25 EDT" duration-ms="7017" status="PASS">
          <reporter-output>
          </reporter-output>
        </test-method> <!-- setUp -->
        <test-method signature="loginTest(java.lang.String,java.lang.String)[pri:0, instance:com.naveenautomationlabs.automationFramework.tests.MyAccountTest@6be968ce]" started-at="2023-07-09T00:21:25 EDT" name="loginTest" data-provider="LoginDataProvider" finished-at="2023-07-09T00:21:27 EDT" duration-ms="2241" status="PASS">
          <params>
            <param index="0">
              <value>
                <![CDATA[tony@gamil.com]]>
              </value>
            </param>
            <param index="1">
              <value>
                <![CDATA[Password2]]>
              </value>
            </param>
          </params>
          <reporter-output>
          </reporter-output>
        </test-method> <!-- loginTest -->
        <test-method is-config="true" signature="quit()[pri:0, instance:com.naveenautomationlabs.automationFramework.tests.MyAccountTest@6be968ce]" started-at="2023-07-09T00:21:27 EDT" name="quit" finished-at="2023-07-09T00:21:27 EDT" duration-ms="317" status="PASS">
          <reporter-output>
          </reporter-output>
        </test-method> <!-- quit -->
        <test-method is-config="true" signature="setUp()[pri:0, instance:com.naveenautomationlabs.automationFramework.tests.MyAccountTest@6be968ce]" started-at="2023-07-09T00:21:27 EDT" name="setUp" finished-at="2023-07-09T00:21:37 EDT" duration-ms="9688" status="PASS">
          <reporter-output>
          </reporter-output>
        </test-method> <!-- setUp -->
        <test-method signature="loginTest(java.lang.String,java.lang.String)[pri:0, instance:com.naveenautomationlabs.automationFramework.tests.MyAccountTest@6be968ce]" started-at="2023-07-09T00:21:37 EDT" name="loginTest" data-provider="LoginDataProvider" finished-at="2023-07-09T00:21:40 EDT" duration-ms="3500" status="PASS">
          <params>
            <param index="0">
              <value>
                <![CDATA[manpreetkaur1991@gmail.com]]>
              </value>
            </param>
            <param index="1">
              <value>
                <![CDATA[manpreetkaur]]>
              </value>
            </param>
          </params>
          <reporter-output>
          </reporter-output>
        </test-method> <!-- loginTest -->
        <test-method is-config="true" signature="quit()[pri:0, instance:com.naveenautomationlabs.automationFramework.tests.MyAccountTest@6be968ce]" started-at="2023-07-09T00:21:40 EDT" name="quit" finished-at="2023-07-09T00:21:41 EDT" duration-ms="949" status="PASS">
          <reporter-output>
          </reporter-output>
        </test-method> <!-- quit -->
        <test-method is-config="true" signature="setUp()[pri:0, instance:com.naveenautomationlabs.automationFramework.tests.MyAccountTest@6be968ce]" started-at="2023-07-09T00:21:41 EDT" name="setUp" finished-at="2023-07-09T00:22:03 EDT" duration-ms="21315" status="PASS">
          <reporter-output>
          </reporter-output>
        </test-method> <!-- setUp -->
        <test-method signature="loginTest(java.lang.String,java.lang.String)[pri:0, instance:com.naveenautomationlabs.automationFramework.tests.MyAccountTest@6be968ce]" started-at="2023-07-09T00:22:03 EDT" name="loginTest" data-provider="LoginDataProvider" finished-at="2023-07-09T00:22:05 EDT" duration-ms="2698" status="PASS">
          <params>
            <param index="0">
              <value>
                <![CDATA[ryan@gmail.com]]>
              </value>
            </param>
            <param index="1">
              <value>
                <![CDATA[changePass1]]>
              </value>
            </param>
          </params>
          <reporter-output>
          </reporter-output>
        </test-method> <!-- loginTest -->
        <test-method is-config="true" signature="quit()[pri:0, instance:com.naveenautomationlabs.automationFramework.tests.MyAccountTest@6be968ce]" started-at="2023-07-09T00:22:05 EDT" name="quit" finished-at="2023-07-09T00:22:06 EDT" duration-ms="587" status="PASS">
          <reporter-output>
          </reporter-output>
        </test-method> <!-- quit -->
        <test-method is-config="true" signature="setUp()[pri:0, instance:com.naveenautomationlabs.automationFramework.tests.MyAccountTest@6be968ce]" started-at="2023-07-09T00:22:06 EDT" name="setUp" finished-at="2023-07-09T00:22:22 EDT" duration-ms="16294" status="PASS">
          <reporter-output>
          </reporter-output>
        </test-method> <!-- setUp -->
        <test-method signature="loginTest(java.lang.String,java.lang.String)[pri:0, instance:com.naveenautomationlabs.automationFramework.tests.MyAccountTest@6be968ce]" started-at="2023-07-09T00:22:22 EDT" name="loginTest" data-provider="LoginDataProvider" finished-at="2023-07-09T00:22:25 EDT" duration-ms="2831" status="PASS">
          <params>
            <param index="0">
              <value>
                <![CDATA[jainrajat1234@gmail.com]]>
              </value>
            </param>
            <param index="1">
              <value>
                <![CDATA[RAJATjain]]>
              </value>
            </param>
          </params>
          <reporter-output>
          </reporter-output>
        </test-method> <!-- loginTest -->
        <test-method is-config="true" signature="quit()[pri:0, instance:com.naveenautomationlabs.automationFramework.tests.MyAccountTest@6be968ce]" started-at="2023-07-09T00:22:25 EDT" name="quit" finished-at="2023-07-09T00:22:26 EDT" duration-ms="762" status="PASS">
          <reporter-output>
          </reporter-output>
        </test-method> <!-- quit -->
        <test-method is-config="true" signature="setUp()[pri:0, instance:com.naveenautomationlabs.automationFramework.tests.MyAccountTest@6be968ce]" started-at="2023-07-09T00:22:26 EDT" name="setUp" finished-at="2023-07-09T00:22:39 EDT" duration-ms="13590" status="PASS">
          <reporter-output>
          </reporter-output>
        </test-method> <!-- setUp -->
        <test-method retried="true" signature="validateLoginUsingValidCredential()[pri:0, instance:com.naveenautomationlabs.automationFramework.tests.MyAccountTest@6be968ce]" started-at="2023-07-09T00:22:39 EDT" name="validateLoginUsingValidCredential" finished-at="2023-07-09T00:22:41 EDT" duration-ms="2038" status="SKIP">
          <exception class="java.lang.AssertionError">
            <message>
              <![CDATA[You are on wrong page expected [My Account] but found [New Customer]]]>
            </message>
            <full-stacktrace>
              <![CDATA[java.lang.AssertionError: You are on wrong page expected [My Account] but found [New Customer]
at org.testng.Assert.fail(Assert.java:99)
at org.testng.Assert.failNotEquals(Assert.java:1037)
at org.testng.Assert.assertEqualsImpl(Assert.java:140)
at org.testng.Assert.assertEquals(Assert.java:122)
at org.testng.Assert.assertEquals(Assert.java:629)
at com.naveenautomationlabs.automationFramework.tests.MyAccountTest.validateLoginUsingValidCredential(MyAccountTest.java:33)
at java.base/jdk.internal.reflect.NativeMethodAccessorImpl.invoke0(Native Method)
at java.base/jdk.internal.reflect.NativeMethodAccessorImpl.invoke(NativeMethodAccessorImpl.java:77)
at java.base/jdk.internal.reflect.DelegatingMethodAccessorImpl.invoke(DelegatingMethodAccessorImpl.java:43)
at java.base/java.lang.reflect.Method.invoke(Method.java:568)
at org.testng.internal.MethodInvocationHelper.invokeMethod(MethodInvocationHelper.java:133)
at org.testng.internal.TestInvoker.invokeMethod(TestInvoker.java:598)
at org.testng.internal.TestInvoker.invokeTestMethod(TestInvoker.java:173)
at org.testng.internal.MethodRunner.runInSequence(MethodRunner.java:46)
at org.testng.internal.TestInvoker$MethodInvocationAgent.invoke(TestInvoker.java:824)
at org.testng.internal.TestInvoker.invokeTestMethods(TestInvoker.java:146)
at org.testng.internal.TestMethodWorker.invokeTestMethods(TestMethodWorker.java:146)
at org.testng.internal.TestMethodWorker.run(TestMethodWorker.java:128)
at java.base/java.util.ArrayList.forEach(ArrayList.java:1511)
at org.testng.TestRunner.privateRun(TestRunner.java:794)
at org.testng.TestRunner.run(TestRunner.java:596)
at org.testng.SuiteRunner.runTest(SuiteRunner.java:377)
at org.testng.SuiteRunner.runSequentially(SuiteRunner.java:371)
at org.testng.SuiteRunner.privateRun(SuiteRunner.java:332)
at org.testng.SuiteRunner.run(SuiteRunner.java:276)
at org.testng.SuiteRunnerWorker.runSuite(SuiteRunnerWorker.java:53)
at org.testng.SuiteRunnerWorker.run(SuiteRunnerWorker.java:96)
at org.testng.TestNG.runSuitesSequentially(TestNG.java:1212)
at org.testng.TestNG.runSuitesLocally(TestNG.java:1134)
at org.testng.TestNG.runSuites(TestNG.java:1063)
at org.testng.TestNG.run(TestNG.java:1031)
at org.testng.remote.AbstractRemoteTestNG.run(AbstractRemoteTestNG.java:115)
at org.testng.remote.RemoteTestNG.initAndRun(RemoteTestNG.java:251)
at org.testng.remote.RemoteTestNG.main(RemoteTestNG.java:77)
]]>
            </full-stacktrace>
          </exception> <!-- java.lang.AssertionError -->
          <reporter-output>
          </reporter-output>
        </test-method> <!-- validateLoginUsingValidCredential -->
        <test-method is-config="true" signature="quit()[pri:0, instance:com.naveenautomationlabs.automationFramework.tests.MyAccountTest@6be968ce]" started-at="2023-07-09T00:22:41 EDT" name="quit" finished-at="2023-07-09T00:22:42 EDT" duration-ms="128" status="PASS">
          <reporter-output>
          </reporter-output>
        </test-method> <!-- quit -->
        <test-method is-config="true" signature="setUp()[pri:0, instance:com.naveenautomationlabs.automationFramework.tests.MyAccountTest@6be968ce]" started-at="2023-07-09T00:22:42 EDT" name="setUp" finished-at="2023-07-09T00:22:51 EDT" duration-ms="9889" status="PASS">
          <reporter-output>
          </reporter-output>
        </test-method> <!-- setUp -->
        <test-method signature="validateLoginUsingValidCredential()[pri:0, instance:com.naveenautomationlabs.automationFramework.tests.MyAccountTest@6be968ce]" started-at="2023-07-09T00:22:51 EDT" name="validateLoginUsingValidCredential" finished-at="2023-07-09T00:22:53 EDT" duration-ms="2027" status="FAIL">
          <exception class="java.lang.AssertionError">
            <message>
              <![CDATA[You are on wrong page expected [My Account] but found [New Customer]]]>
            </message>
            <full-stacktrace>
              <![CDATA[java.lang.AssertionError: You are on wrong page expected [My Account] but found [New Customer]
at org.testng.Assert.fail(Assert.java:99)
at org.testng.Assert.failNotEquals(Assert.java:1037)
at org.testng.Assert.assertEqualsImpl(Assert.java:140)
at org.testng.Assert.assertEquals(Assert.java:122)
at org.testng.Assert.assertEquals(Assert.java:629)
at com.naveenautomationlabs.automationFramework.tests.MyAccountTest.validateLoginUsingValidCredential(MyAccountTest.java:33)
at java.base/jdk.internal.reflect.NativeMethodAccessorImpl.invoke0(Native Method)
at java.base/jdk.internal.reflect.NativeMethodAccessorImpl.invoke(NativeMethodAccessorImpl.java:77)
at java.base/jdk.internal.reflect.DelegatingMethodAccessorImpl.invoke(DelegatingMethodAccessorImpl.java:43)
at java.base/java.lang.reflect.Method.invoke(Method.java:568)
at org.testng.internal.MethodInvocationHelper.invokeMethod(MethodInvocationHelper.java:133)
at org.testng.internal.TestInvoker.invokeMethod(TestInvoker.java:598)
at org.testng.internal.TestInvoker.retryFailed(TestInvoker.java:213)
at org.testng.internal.MethodRunner.runInSequence(MethodRunner.java:58)
at org.testng.internal.TestInvoker$MethodInvocationAgent.invoke(TestInvoker.java:824)
at org.testng.internal.TestInvoker.invokeTestMethods(TestInvoker.java:146)
at org.testng.internal.TestMethodWorker.invokeTestMethods(TestMethodWorker.java:146)
at org.testng.internal.TestMethodWorker.run(TestMethodWorker.java:128)
at java.base/java.util.ArrayList.forEach(ArrayList.java:1511)
at org.testng.TestRunner.privateRun(TestRunner.java:794)
at org.testng.TestRunner.run(TestRunner.java:596)
at org.testng.SuiteRunner.runTest(SuiteRunner.java:377)
at org.testng.SuiteRunner.runSequentially(SuiteRunner.java:371)
at org.testng.SuiteRunner.privateRun(SuiteRunner.java:332)
at org.testng.SuiteRunner.run(SuiteRunner.java:276)
at org.testng.SuiteRunnerWorker.runSuite(SuiteRunnerWorker.java:53)
at org.testng.SuiteRunnerWorker.run(SuiteRunnerWorker.java:96)
at org.testng.TestNG.runSuitesSequentially(TestNG.java:1212)
at org.testng.TestNG.runSuitesLocally(TestNG.java:1134)
at org.testng.TestNG.runSuites(TestNG.java:1063)
at org.testng.TestNG.run(TestNG.java:1031)
at org.testng.remote.AbstractRemoteTestNG.run(AbstractRemoteTestNG.java:115)
at org.testng.remote.RemoteTestNG.initAndRun(RemoteTestNG.java:251)
at org.testng.remote.RemoteTestNG.main(RemoteTestNG.java:77)
]]>
            </full-stacktrace>
          </exception> <!-- java.lang.AssertionError -->
          <reporter-output>
          </reporter-output>
        </test-method> <!-- validateLoginUsingValidCredential -->
        <test-method is-config="true" signature="quit()[pri:0, instance:com.naveenautomationlabs.automationFramework.tests.MyAccountTest@6be968ce]" started-at="2023-07-09T00:22:54 EDT" name="quit" finished-at="2023-07-09T00:22:54 EDT" duration-ms="486" status="PASS">
          <reporter-output>
          </reporter-output>
        </test-method> <!-- quit -->
        <test-method is-config="true" signature="setUp()[pri:0, instance:com.naveenautomationlabs.automationFramework.tests.MyAccountTest@6be968ce]" started-at="2023-07-09T00:22:54 EDT" name="setUp" finished-at="2023-07-09T00:23:04 EDT" duration-ms="9502" status="PASS">
          <reporter-output>
          </reporter-output>
        </test-method> <!-- setUp -->
        <test-method retried="true" signature="validateSideNavigationBar()[pri:0, instance:com.naveenautomationlabs.automationFramework.tests.MyAccountTest@6be968ce]" started-at="2023-07-09T00:23:04 EDT" name="validateSideNavigationBar" finished-at="2023-07-09T00:23:06 EDT" duration-ms="2171" status="SKIP">
          <exception class="java.lang.AssertionError">
            <message>
              <![CDATA[navigation option  is not clicked expected [true] but found [false]]]>
            </message>
            <full-stacktrace>
              <![CDATA[java.lang.AssertionError: navigation option  is not clicked expected [true] but found [false]
at org.testng.Assert.fail(Assert.java:99)
at org.testng.Assert.failNotEquals(Assert.java:1037)
at org.testng.Assert.assertTrue(Assert.java:45)
at com.naveenautomationlabs.automationFramework.tests.MyAccountTest.validateSideNavigationBar(MyAccountTest.java:42)
at java.base/jdk.internal.reflect.NativeMethodAccessorImpl.invoke0(Native Method)
at java.base/jdk.internal.reflect.NativeMethodAccessorImpl.invoke(NativeMethodAccessorImpl.java:77)
at java.base/jdk.internal.reflect.DelegatingMethodAccessorImpl.invoke(DelegatingMethodAccessorImpl.java:43)
at java.base/java.lang.reflect.Method.invoke(Method.java:568)
at org.testng.internal.MethodInvocationHelper.invokeMethod(MethodInvocationHelper.java:133)
at org.testng.internal.TestInvoker.invokeMethod(TestInvoker.java:598)
at org.testng.internal.TestInvoker.invokeTestMethod(TestInvoker.java:173)
at org.testng.internal.MethodRunner.runInSequence(MethodRunner.java:46)
at org.testng.internal.TestInvoker$MethodInvocationAgent.invoke(TestInvoker.java:824)
at org.testng.internal.TestInvoker.invokeTestMethods(TestInvoker.java:146)
at org.testng.internal.TestMethodWorker.invokeTestMethods(TestMethodWorker.java:146)
at org.testng.internal.TestMethodWorker.run(TestMethodWorker.java:128)
at java.base/java.util.ArrayList.forEach(ArrayList.java:1511)
at org.testng.TestRunner.privateRun(TestRunner.java:794)
at org.testng.TestRunner.run(TestRunner.java:596)
at org.testng.SuiteRunner.runTest(SuiteRunner.java:377)
at org.testng.SuiteRunner.runSequentially(SuiteRunner.java:371)
at org.testng.SuiteRunner.privateRun(SuiteRunner.java:332)
at org.testng.SuiteRunner.run(SuiteRunner.java:276)
at org.testng.SuiteRunnerWorker.runSuite(SuiteRunnerWorker.java:53)
at org.testng.SuiteRunnerWorker.run(SuiteRunnerWorker.java:96)
at org.testng.TestNG.runSuitesSequentially(TestNG.java:1212)
at org.testng.TestNG.runSuitesLocally(TestNG.java:1134)
at org.testng.TestNG.runSuites(TestNG.java:1063)
at org.testng.TestNG.run(TestNG.java:1031)
at org.testng.remote.AbstractRemoteTestNG.run(AbstractRemoteTestNG.java:115)
at org.testng.remote.RemoteTestNG.initAndRun(RemoteTestNG.java:251)
at org.testng.remote.RemoteTestNG.main(RemoteTestNG.java:77)
]]>
            </full-stacktrace>
          </exception> <!-- java.lang.AssertionError -->
          <reporter-output>
          </reporter-output>
        </test-method> <!-- validateSideNavigationBar -->
        <test-method is-config="true" signature="quit()[pri:0, instance:com.naveenautomationlabs.automationFramework.tests.MyAccountTest@6be968ce]" started-at="2023-07-09T00:23:06 EDT" name="quit" finished-at="2023-07-09T00:23:06 EDT" duration-ms="369" status="PASS">
          <reporter-output>
          </reporter-output>
        </test-method> <!-- quit -->
        <test-method is-config="true" signature="setUp()[pri:0, instance:com.naveenautomationlabs.automationFramework.tests.MyAccountTest@6be968ce]" started-at="2023-07-09T00:23:06 EDT" name="setUp" finished-at="2023-07-09T00:23:14 EDT" duration-ms="7874" status="PASS">
          <reporter-output>
          </reporter-output>
        </test-method> <!-- setUp -->
        <test-method signature="validateSideNavigationBar()[pri:0, instance:com.naveenautomationlabs.automationFramework.tests.MyAccountTest@6be968ce]" started-at="2023-07-09T00:23:14 EDT" name="validateSideNavigationBar" finished-at="2023-07-09T00:23:16 EDT" duration-ms="2020" status="FAIL">
          <exception class="java.lang.AssertionError">
            <message>
              <![CDATA[navigation option  is not clicked expected [true] but found [false]]]>
            </message>
            <full-stacktrace>
              <![CDATA[java.lang.AssertionError: navigation option  is not clicked expected [true] but found [false]
at org.testng.Assert.fail(Assert.java:99)
at org.testng.Assert.failNotEquals(Assert.java:1037)
at org.testng.Assert.assertTrue(Assert.java:45)
at com.naveenautomationlabs.automationFramework.tests.MyAccountTest.validateSideNavigationBar(MyAccountTest.java:42)
at java.base/jdk.internal.reflect.NativeMethodAccessorImpl.invoke0(Native Method)
at java.base/jdk.internal.reflect.NativeMethodAccessorImpl.invoke(NativeMethodAccessorImpl.java:77)
at java.base/jdk.internal.reflect.DelegatingMethodAccessorImpl.invoke(DelegatingMethodAccessorImpl.java:43)
at java.base/java.lang.reflect.Method.invoke(Method.java:568)
at org.testng.internal.MethodInvocationHelper.invokeMethod(MethodInvocationHelper.java:133)
at org.testng.internal.TestInvoker.invokeMethod(TestInvoker.java:598)
at org.testng.internal.TestInvoker.retryFailed(TestInvoker.java:213)
at org.testng.internal.MethodRunner.runInSequence(MethodRunner.java:58)
at org.testng.internal.TestInvoker$MethodInvocationAgent.invoke(TestInvoker.java:824)
at org.testng.internal.TestInvoker.invokeTestMethods(TestInvoker.java:146)
at org.testng.internal.TestMethodWorker.invokeTestMethods(TestMethodWorker.java:146)
at org.testng.internal.TestMethodWorker.run(TestMethodWorker.java:128)
at java.base/java.util.ArrayList.forEach(ArrayList.java:1511)
at org.testng.TestRunner.privateRun(TestRunner.java:794)
at org.testng.TestRunner.run(TestRunner.java:596)
at org.testng.SuiteRunner.runTest(SuiteRunner.java:377)
at org.testng.SuiteRunner.runSequentially(SuiteRunner.java:371)
at org.testng.SuiteRunner.privateRun(SuiteRunner.java:332)
at org.testng.SuiteRunner.run(SuiteRunner.java:276)
at org.testng.SuiteRunnerWorker.runSuite(SuiteRunnerWorker.java:53)
at org.testng.SuiteRunnerWorker.run(SuiteRunnerWorker.java:96)
at org.testng.TestNG.runSuitesSequentially(TestNG.java:1212)
at org.testng.TestNG.runSuitesLocally(TestNG.java:1134)
at org.testng.TestNG.runSuites(TestNG.java:1063)
at org.testng.TestNG.run(TestNG.java:1031)
at org.testng.remote.AbstractRemoteTestNG.run(AbstractRemoteTestNG.java:115)
at org.testng.remote.RemoteTestNG.initAndRun(RemoteTestNG.java:251)
at org.testng.remote.RemoteTestNG.main(RemoteTestNG.java:77)
]]>
            </full-stacktrace>
          </exception> <!-- java.lang.AssertionError -->
          <reporter-output>
          </reporter-output>
        </test-method> <!-- validateSideNavigationBar -->
        <test-method is-config="true" signature="quit()[pri:0, instance:com.naveenautomationlabs.automationFramework.tests.MyAccountTest@6be968ce]" started-at="2023-07-09T00:23:16 EDT" name="quit" finished-at="2023-07-09T00:23:17 EDT" duration-ms="324" status="PASS">
          <reporter-output>
          </reporter-output>
        </test-method> <!-- quit -->
      </class> <!-- com.naveenautomationlabs.automationFramework.tests.MyAccountTest -->
      <class name="com.naveenautomationlabs.automationFramework.tests.AccountHasBeenCreatedTest">
        <test-method is-config="true" signature="setUpLogger()[pri:0, instance:com.naveenautomationlabs.automationFramework.tests.AccountHasBeenCreatedTest@4a003cbe]" started-at="2023-07-09T00:23:33 EDT" name="setUpLogger" finished-at="2023-07-09T00:23:33 EDT" duration-ms="4" status="PASS">
          <reporter-output>
          </reporter-output>
        </test-method> <!-- setUpLogger -->
        <test-method is-config="true" signature="setUp()[pri:0, instance:com.naveenautomationlabs.automationFramework.tests.AccountHasBeenCreatedTest@4a003cbe]" started-at="2023-07-09T00:23:33 EDT" name="setUp" finished-at="2023-07-09T00:23:45 EDT" duration-ms="11546" status="PASS">
          <reporter-output>
          </reporter-output>
        </test-method> <!-- setUp -->
        <test-method retried="true" signature="validateUserRegisterWithValidDetails()[pri:0, instance:com.naveenautomationlabs.automationFramework.tests.AccountHasBeenCreatedTest@4a003cbe]" started-at="2023-07-09T00:23:45 EDT" name="validateUserRegisterWithValidDetails" finished-at="2023-07-09T00:23:49 EDT" duration-ms="4675" status="SKIP">
          <exception class="java.lang.AssertionError">
            <message>
              <![CDATA[Unable to create account expected [Your Account Has Been Created!] but found [Register Account]]]>
            </message>
            <full-stacktrace>
              <![CDATA[java.lang.AssertionError: Unable to create account expected [Your Account Has Been Created!] but found [Register Account]
at org.testng.Assert.fail(Assert.java:99)
at org.testng.Assert.failNotEquals(Assert.java:1037)
at org.testng.Assert.assertEqualsImpl(Assert.java:140)
at org.testng.Assert.assertEquals(Assert.java:122)
at org.testng.Assert.assertEquals(Assert.java:629)
at com.naveenautomationlabs.automationFramework.tests.AccountHasBeenCreatedTest.validateUserRegisterWithValidDetails(AccountHasBeenCreatedTest.java:32)
at java.base/jdk.internal.reflect.NativeMethodAccessorImpl.invoke0(Native Method)
at java.base/jdk.internal.reflect.NativeMethodAccessorImpl.invoke(NativeMethodAccessorImpl.java:77)
at java.base/jdk.internal.reflect.DelegatingMethodAccessorImpl.invoke(DelegatingMethodAccessorImpl.java:43)
at java.base/java.lang.reflect.Method.invoke(Method.java:568)
at org.testng.internal.MethodInvocationHelper.invokeMethod(MethodInvocationHelper.java:133)
at org.testng.internal.TestInvoker.invokeMethod(TestInvoker.java:598)
at org.testng.internal.TestInvoker.invokeTestMethod(TestInvoker.java:173)
at org.testng.internal.MethodRunner.runInSequence(MethodRunner.java:46)
at org.testng.internal.TestInvoker$MethodInvocationAgent.invoke(TestInvoker.java:824)
at org.testng.internal.TestInvoker.invokeTestMethods(TestInvoker.java:146)
at org.testng.internal.TestMethodWorker.invokeTestMethods(TestMethodWorker.java:146)
at org.testng.internal.TestMethodWorker.run(TestMethodWorker.java:128)
at java.base/java.util.ArrayList.forEach(ArrayList.java:1511)
at org.testng.TestRunner.privateRun(TestRunner.java:794)
at org.testng.TestRunner.run(TestRunner.java:596)
at org.testng.SuiteRunner.runTest(SuiteRunner.java:377)
at org.testng.SuiteRunner.runSequentially(SuiteRunner.java:371)
at org.testng.SuiteRunner.privateRun(SuiteRunner.java:332)
at org.testng.SuiteRunner.run(SuiteRunner.java:276)
at org.testng.SuiteRunnerWorker.runSuite(SuiteRunnerWorker.java:53)
at org.testng.SuiteRunnerWorker.run(SuiteRunnerWorker.java:96)
at org.testng.TestNG.runSuitesSequentially(TestNG.java:1212)
at org.testng.TestNG.runSuitesLocally(TestNG.java:1134)
at org.testng.TestNG.runSuites(TestNG.java:1063)
at org.testng.TestNG.run(TestNG.java:1031)
at org.testng.remote.AbstractRemoteTestNG.run(AbstractRemoteTestNG.java:115)
at org.testng.remote.RemoteTestNG.initAndRun(RemoteTestNG.java:251)
at org.testng.remote.RemoteTestNG.main(RemoteTestNG.java:77)
]]>
            </full-stacktrace>
          </exception> <!-- java.lang.AssertionError -->
          <reporter-output>
          </reporter-output>
        </test-method> <!-- validateUserRegisterWithValidDetails -->
        <test-method is-config="true" signature="quit()[pri:0, instance:com.naveenautomationlabs.automationFramework.tests.AccountHasBeenCreatedTest@4a003cbe]" started-at="2023-07-09T00:23:49 EDT" name="quit" finished-at="2023-07-09T00:23:50 EDT" duration-ms="379" status="PASS">
          <reporter-output>
          </reporter-output>
        </test-method> <!-- quit -->
        <test-method is-config="true" signature="setUp()[pri:0, instance:com.naveenautomationlabs.automationFramework.tests.AccountHasBeenCreatedTest@4a003cbe]" started-at="2023-07-09T00:23:50 EDT" name="setUp" finished-at="2023-07-09T00:23:58 EDT" duration-ms="8698" status="PASS">
          <reporter-output>
          </reporter-output>
        </test-method> <!-- setUp -->
        <test-method signature="validateUserRegisterWithValidDetails()[pri:0, instance:com.naveenautomationlabs.automationFramework.tests.AccountHasBeenCreatedTest@4a003cbe]" started-at="2023-07-09T00:23:58 EDT" name="validateUserRegisterWithValidDetails" finished-at="2023-07-09T00:24:02 EDT" duration-ms="3913" status="FAIL">
          <exception class="java.lang.AssertionError">
            <message>
              <![CDATA[Unable to create account expected [Your Account Has Been Created!] but found [Register Account]]]>
            </message>
            <full-stacktrace>
              <![CDATA[java.lang.AssertionError: Unable to create account expected [Your Account Has Been Created!] but found [Register Account]
at org.testng.Assert.fail(Assert.java:99)
at org.testng.Assert.failNotEquals(Assert.java:1037)
at org.testng.Assert.assertEqualsImpl(Assert.java:140)
at org.testng.Assert.assertEquals(Assert.java:122)
at org.testng.Assert.assertEquals(Assert.java:629)
at com.naveenautomationlabs.automationFramework.tests.AccountHasBeenCreatedTest.validateUserRegisterWithValidDetails(AccountHasBeenCreatedTest.java:32)
at java.base/jdk.internal.reflect.NativeMethodAccessorImpl.invoke0(Native Method)
at java.base/jdk.internal.reflect.NativeMethodAccessorImpl.invoke(NativeMethodAccessorImpl.java:77)
at java.base/jdk.internal.reflect.DelegatingMethodAccessorImpl.invoke(DelegatingMethodAccessorImpl.java:43)
at java.base/java.lang.reflect.Method.invoke(Method.java:568)
at org.testng.internal.MethodInvocationHelper.invokeMethod(MethodInvocationHelper.java:133)
at org.testng.internal.TestInvoker.invokeMethod(TestInvoker.java:598)
at org.testng.internal.TestInvoker.retryFailed(TestInvoker.java:213)
at org.testng.internal.MethodRunner.runInSequence(MethodRunner.java:58)
at org.testng.internal.TestInvoker$MethodInvocationAgent.invoke(TestInvoker.java:824)
at org.testng.internal.TestInvoker.invokeTestMethods(TestInvoker.java:146)
at org.testng.internal.TestMethodWorker.invokeTestMethods(TestMethodWorker.java:146)
at org.testng.internal.TestMethodWorker.run(TestMethodWorker.java:128)
at java.base/java.util.ArrayList.forEach(ArrayList.java:1511)
at org.testng.TestRunner.privateRun(TestRunner.java:794)
at org.testng.TestRunner.run(TestRunner.java:596)
at org.testng.SuiteRunner.runTest(SuiteRunner.java:377)
at org.testng.SuiteRunner.runSequentially(SuiteRunner.java:371)
at org.testng.SuiteRunner.privateRun(SuiteRunner.java:332)
at org.testng.SuiteRunner.run(SuiteRunner.java:276)
at org.testng.SuiteRunnerWorker.runSuite(SuiteRunnerWorker.java:53)
at org.testng.SuiteRunnerWorker.run(SuiteRunnerWorker.java:96)
at org.testng.TestNG.runSuitesSequentially(TestNG.java:1212)
at org.testng.TestNG.runSuitesLocally(TestNG.java:1134)
at org.testng.TestNG.runSuites(TestNG.java:1063)
at org.testng.TestNG.run(TestNG.java:1031)
at org.testng.remote.AbstractRemoteTestNG.run(AbstractRemoteTestNG.java:115)
at org.testng.remote.RemoteTestNG.initAndRun(RemoteTestNG.java:251)
at org.testng.remote.RemoteTestNG.main(RemoteTestNG.java:77)
]]>
            </full-stacktrace>
          </exception> <!-- java.lang.AssertionError -->
          <reporter-output>
          </reporter-output>
        </test-method> <!-- validateUserRegisterWithValidDetails -->
        <test-method is-config="true" signature="quit()[pri:0, instance:com.naveenautomationlabs.automationFramework.tests.AccountHasBeenCreatedTest@4a003cbe]" started-at="2023-07-09T00:24:02 EDT" name="quit" finished-at="2023-07-09T00:24:03 EDT" duration-ms="304" status="PASS">
          <reporter-output>
          </reporter-output>
        </test-method> <!-- quit -->
      </class> <!-- com.naveenautomationlabs.automationFramework.tests.AccountHasBeenCreatedTest -->
      <class name="com.naveenautomationlabs.automationFramework.tests.SearchIphoneTest">
        <test-method is-config="true" signature="setUpLogger()[pri:0, instance:com.naveenautomationlabs.automationFramework.tests.SearchIphoneTest@609e8838]" started-at="2023-07-09T00:24:03 EDT" name="setUpLogger" finished-at="2023-07-09T00:24:03 EDT" duration-ms="2" status="PASS">
          <reporter-output>
          </reporter-output>
        </test-method> <!-- setUpLogger -->
        <test-method is-config="true" signature="setUp()[pri:0, instance:com.naveenautomationlabs.automationFramework.tests.SearchIphoneTest@609e8838]" started-at="2023-07-09T00:24:03 EDT" name="setUp" finished-at="2023-07-09T00:24:11 EDT" duration-ms="8599" status="PASS">
          <reporter-output>
          </reporter-output>
        </test-method> <!-- setUp -->
        <test-method signature="validateSearchBar()[pri:0, instance:com.naveenautomationlabs.automationFramework.tests.SearchIphoneTest@609e8838]" started-at="2023-07-09T00:24:11 EDT" name="validateSearchBar" finished-at="2023-07-09T00:24:13 EDT" duration-ms="1230" status="PASS">
          <reporter-output>
          </reporter-output>
        </test-method> <!-- validateSearchBar -->
        <test-method is-config="true" signature="quit()[pri:0, instance:com.naveenautomationlabs.automationFramework.tests.SearchIphoneTest@609e8838]" started-at="2023-07-09T00:24:13 EDT" name="quit" finished-at="2023-07-09T00:24:13 EDT" duration-ms="668" status="PASS">
          <reporter-output>
          </reporter-output>
        </test-method> <!-- quit -->
      </class> <!-- com.naveenautomationlabs.automationFramework.tests.SearchIphoneTest -->
    </test> <!-- Test -->
  </suite> <!-- Suite -->
</testng-results>
