<?xml version="1.0" encoding="UTF-8"?>
<testng-results ignored="0" total="1" passed="1" failed="0" skipped="0">
  <reporter-output>
  </reporter-output>
  <suite started-at="2023-07-05T07:30:27 EDT" name="Default suite" finished-at="2023-07-05T07:30:41 EDT" duration-ms="13811">
    <groups>
    </groups>
    <test started-at="2023-07-05T07:30:27 EDT" name="Default test" finished-at="2023-07-05T07:30:41 EDT" duration-ms="13811">
      <class name="com.naveenautomationlabs.automationFramework.tests.AccountHasBeenCreatedTest">
        <test-method is-config="true" signature="setUpLogger()[pri:0, instance:com.naveenautomationlabs.automationFramework.tests.AccountHasBeenCreatedTest@543588e6]" started-at="2023-07-05T07:30:27 EDT" name="setUpLogger" finished-at="2023-07-05T07:30:27 EDT" duration-ms="308" status="PASS">
          <reporter-output>
          </reporter-output>
        </test-method> <!-- setUpLogger -->
        <test-method is-config="true" signature="setUp()[pri:0, instance:com.naveenautomationlabs.automationFramework.tests.AccountHasBeenCreatedTest@543588e6]" started-at="2023-07-05T07:30:27 EDT" name="setUp" finished-at="2023-07-05T07:30:37 EDT" duration-ms="9277" status="PASS">
          <reporter-output>
          </reporter-output>
        </test-method> <!-- setUp -->
        <test-method signature="validateUserRegisterWithValidDetails()[pri:0, instance:com.naveenautomationlabs.automationFramework.tests.AccountHasBeenCreatedTest@543588e6]" started-at="2023-07-05T07:30:37 EDT" name="validateUserRegisterWithValidDetails" finished-at="2023-07-05T07:30:41 EDT" duration-ms="3953" status="PASS">
          <reporter-output>
          </reporter-output>
        </test-method> <!-- validateUserRegisterWithValidDetails -->
        <test-method is-config="true" signature="quit()[pri:0, instance:com.naveenautomationlabs.automationFramework.tests.AccountHasBeenCreatedTest@543588e6]" started-at="2023-07-05T07:30:41 EDT" name="quit" finished-at="2023-07-05T07:30:41 EDT" duration-ms="182" status="PASS">
          <reporter-output>
          </reporter-output>
        </test-method> <!-- quit -->
      </class> <!-- com.naveenautomationlabs.automationFramework.tests.AccountHasBeenCreatedTest -->
    </test> <!-- Default test -->
  </suite> <!-- Default suite -->
</testng-results>
